
****** Vivado v2022.2 (64-bit)
  **** SW Build 3671981 on Fri Oct 14 04:59:54 MDT 2022
  **** IP Build 3669848 on Fri Oct 14 08:30:02 MDT 2022
    ** Copyright 1986-2022 Xilinx, Inc. All Rights Reserved.

source scripts/synth_check.tcl
# set part xczu48dr-ffvg1517-2-e
# set top spline_eval
# read_verilog -sv [list \
#     rtl/spline_eval.sv \
#     rtl/spline_eval_top.sv \
# ]
# read_xdc scripts/timing.xdc
# synth_design -top $top -part $part
Command: synth_design -top spline_eval -part xczu48dr-ffvg1517-2-e
Starting synth_design
Attempting to get a license for feature 'Synthesis' and/or device 'xczu48dr'
INFO: [Common 17-349] Got license for feature 'Synthesis' and/or device 'xczu48dr'
INFO: [Common 17-1540] The version limit for your license is '2023.02' and has expired for new software. A version limit expiration means that, although you may be able to continue to use the current version of tools or IP with this license, you will not be eligible for new releases.
INFO: [Device 21-403] Loading part xczu48dr-ffvg1517-2-e
INFO: [Synth 8-7079] Multithreading enabled for synth_design using a maximum of 4 processes.
INFO: [Synth 8-7078] Launching helper process for spawning children vivado processes
INFO: [Synth 8-7075] Helper process launched with PID 55477
INFO: [Synth 8-11241] undeclared symbol 'REGCCE', assumed default net type 'wire' [/opt/Xilinx/Vivado/2022.2/data/verilog/src/unimacro/BRAM_SINGLE_MACRO.v:2170]
---------------------------------------------------------------------------------
Starting RTL Elaboration : Time (s): cpu = 00:00:01 ; elapsed = 00:00:01 . Memory (MB): peak = 3057.613 ; gain = 331.977 ; free physical = 110148 ; free virtual = 129542
Synthesis current peak Physical Memory [PSS] (MB): peak = 2608.131; parent = 2352.012; children = 256.119
Synthesis current peak Virtual Memory [VSS] (MB): peak = 4040.773; parent = 3057.617; children = 983.156
---------------------------------------------------------------------------------
INFO: [Synth 8-6157] synthesizing module 'spline_eval' [/home/garv/QubiCSpline/rtl/spline_eval.sv:95]
INFO: [Synth 8-6157] synthesizing module 'reg_delay1' [/home/garv/QubiCSpline/rtl/spline_eval_top.sv:16]
	Parameter DW bound to: 32 - type: integer 
	Parameter LEN bound to: 28 - type: integer 
INFO: [Synth 8-6155] done synthesizing module 'reg_delay1' (0#1) [/home/garv/QubiCSpline/rtl/spline_eval_top.sv:16]
INFO: [Synth 8-6157] synthesizing module 'reg_delay1__parameterized0' [/home/garv/QubiCSpline/rtl/spline_eval_top.sv:16]
	Parameter DW bound to: 1 - type: integer 
	Parameter LEN bound to: 28 - type: integer 
INFO: [Synth 8-6155] done synthesizing module 'reg_delay1__parameterized0' (0#1) [/home/garv/QubiCSpline/rtl/spline_eval_top.sv:16]
INFO: [Synth 8-6155] done synthesizing module 'spline_eval' (0#1) [/home/garv/QubiCSpline/rtl/spline_eval.sv:95]
WARNING: [Synth 8-6014] Unused sequential element width_addr_reg was removed.  [/home/garv/QubiCSpline/rtl/spline_eval.sv:212]
---------------------------------------------------------------------------------
Finished RTL Elaboration : Time (s): cpu = 00:00:02 ; elapsed = 00:00:02 . Memory (MB): peak = 3112.582 ; gain = 386.945 ; free physical = 110071 ; free virtual = 129468
Synthesis current peak Physical Memory [PSS] (MB): peak = 2608.131; parent = 2352.012; children = 256.119
Synthesis current peak Virtual Memory [VSS] (MB): peak = 4095.742; parent = 3112.586; children = 983.156
---------------------------------------------------------------------------------
---------------------------------------------------------------------------------
Start Handling Custom Attributes
---------------------------------------------------------------------------------
---------------------------------------------------------------------------------
Finished Handling Custom Attributes : Time (s): cpu = 00:00:02 ; elapsed = 00:00:02 . Memory (MB): peak = 3127.426 ; gain = 401.789 ; free physical = 110071 ; free virtual = 129468
Synthesis current peak Physical Memory [PSS] (MB): peak = 2608.131; parent = 2352.012; children = 256.119
Synthesis current peak Virtual Memory [VSS] (MB): peak = 4110.586; parent = 3127.430; children = 983.156
---------------------------------------------------------------------------------
---------------------------------------------------------------------------------
Finished RTL Optimization Phase 1 : Time (s): cpu = 00:00:02 ; elapsed = 00:00:02 . Memory (MB): peak = 3127.426 ; gain = 401.789 ; free physical = 110071 ; free virtual = 129468
Synthesis current peak Physical Memory [PSS] (MB): peak = 2608.131; parent = 2352.012; children = 256.119
Synthesis current peak Virtual Memory [VSS] (MB): peak = 4110.586; parent = 3127.430; children = 983.156
---------------------------------------------------------------------------------
Netlist sorting complete. Time (s): cpu = 00:00:00 ; elapsed = 00:00:00.01 . Memory (MB): peak = 3127.426 ; gain = 0.000 ; free physical = 110071 ; free virtual = 129468
INFO: [Project 1-570] Preparing netlist for logic optimization

Processing XDC Constraints
Initializing timing engine
Parsing XDC File [/home/garv/QubiCSpline/scripts/timing.xdc]
Finished Parsing XDC File [/home/garv/QubiCSpline/scripts/timing.xdc]
Completed Processing XDC Constraints

Netlist sorting complete. Time (s): cpu = 00:00:00 ; elapsed = 00:00:00 . Memory (MB): peak = 3340.738 ; gain = 0.000 ; free physical = 110083 ; free virtual = 129496
INFO: [Project 1-111] Unisim Transformation Summary:
No Unisim elements were transformed.

Constraint Validation Runtime : Time (s): cpu = 00:00:00.01 ; elapsed = 00:00:00 . Memory (MB): peak = 3340.738 ; gain = 0.000 ; free physical = 110083 ; free virtual = 129496
INFO: [Synth 8-11241] undeclared symbol 'REGCCE', assumed default net type 'wire' [/opt/Xilinx/Vivado/2022.2/data/verilog/src/unimacro/BRAM_SINGLE_MACRO.v:2170]
---------------------------------------------------------------------------------
Finished Constraint Validation : Time (s): cpu = 00:00:06 ; elapsed = 00:00:06 . Memory (MB): peak = 3340.738 ; gain = 615.102 ; free physical = 110096 ; free virtual = 129509
Synthesis current peak Physical Memory [PSS] (MB): peak = 2608.131; parent = 2352.012; children = 256.119
Synthesis current peak Virtual Memory [VSS] (MB): peak = 4262.844; parent = 3279.688; children = 983.156
---------------------------------------------------------------------------------
---------------------------------------------------------------------------------
Start Loading Part and Timing Information
---------------------------------------------------------------------------------
Loading part: xczu48dr-ffvg1517-2-e
INFO: [Synth 8-6742] Reading net delay rules and data
---------------------------------------------------------------------------------
Finished Loading Part and Timing Information : Time (s): cpu = 00:00:06 ; elapsed = 00:00:06 . Memory (MB): peak = 3340.738 ; gain = 615.102 ; free physical = 110096 ; free virtual = 129509
Synthesis current peak Physical Memory [PSS] (MB): peak = 2608.131; parent = 2352.012; children = 256.119
Synthesis current peak Virtual Memory [VSS] (MB): peak = 4262.844; parent = 3279.688; children = 983.156
---------------------------------------------------------------------------------
---------------------------------------------------------------------------------
Start Applying 'set_property' XDC Constraints
---------------------------------------------------------------------------------
---------------------------------------------------------------------------------
Finished applying 'set_property' XDC Constraints : Time (s): cpu = 00:00:06 ; elapsed = 00:00:06 . Memory (MB): peak = 3340.738 ; gain = 615.102 ; free physical = 110096 ; free virtual = 129509
Synthesis current peak Physical Memory [PSS] (MB): peak = 2608.131; parent = 2352.012; children = 256.119
Synthesis current peak Virtual Memory [VSS] (MB): peak = 4262.844; parent = 3279.688; children = 983.156
---------------------------------------------------------------------------------
---------------------------------------------------------------------------------
Finished RTL Optimization Phase 2 : Time (s): cpu = 00:00:06 ; elapsed = 00:00:07 . Memory (MB): peak = 3340.738 ; gain = 615.102 ; free physical = 110096 ; free virtual = 129510
Synthesis current peak Physical Memory [PSS] (MB): peak = 2608.131; parent = 2352.012; children = 256.119
Synthesis current peak Virtual Memory [VSS] (MB): peak = 4262.844; parent = 3279.688; children = 983.156
---------------------------------------------------------------------------------
---------------------------------------------------------------------------------
Start RTL Component Statistics 
---------------------------------------------------------------------------------
Detailed RTL Component Info : 
+---Adders : 
	   2 Input   17 Bit       Adders := 2     
	   2 Input   16 Bit       Adders := 8     
	   2 Input   12 Bit       Adders := 2     
	   3 Input   12 Bit       Adders := 1     
+---Registers : 
	               32 Bit    Registers := 29    
	               16 Bit    Registers := 24    
	               12 Bit    Registers := 2     
	                1 Bit    Registers := 34    
+---Muxes : 
	   2 Input   32 Bit        Muxes := 1     
	   2 Input   16 Bit        Muxes := 4     
	   2 Input    1 Bit        Muxes := 4     
---------------------------------------------------------------------------------
Finished RTL Component Statistics 
---------------------------------------------------------------------------------
---------------------------------------------------------------------------------
Start Part Resource Summary
---------------------------------------------------------------------------------
Part Resources:
DSPs: 4272 (col length:192)
BRAMs: 2160 (col length: RAMB18 192 RAMB36 96)
---------------------------------------------------------------------------------
Finished Part Resource Summary
---------------------------------------------------------------------------------
---------------------------------------------------------------------------------
Start Cross Boundary and Area Optimization
---------------------------------------------------------------------------------
WARNING: [Synth 8-7080] Parallel synthesis criteria is not met
DSP Report: Generating DSP u_norm_wide, operation Mode is: (D'+(A:0x1))*B2.
DSP Report: register recip_h_reg is absorbed into DSP u_norm_wide.
DSP Report: register u_cnt_reg is absorbed into DSP u_norm_wide.
DSP Report: register u_cnt_reg is absorbed into DSP u_norm_wide.
DSP Report: operator u_cnt0 is absorbed into DSP u_norm_wide.
DSP Report: operator u_norm_wide is absorbed into DSP u_norm_wide.
DSP Report: Generating DSP q115_mul_return0, operation Mode is: A*B.
DSP Report: operator q115_mul_return0 is absorbed into DSP q115_mul_return0.
DSP Report: Generating DSP q115_mul_return0, operation Mode is: A*B2.
DSP Report: register s1_u_reg is absorbed into DSP q115_mul_return0.
DSP Report: operator q115_mul_return0 is absorbed into DSP q115_mul_return0.
DSP Report: Generating DSP q115_mul_return0, operation Mode is: A*B''.
DSP Report: register s1_u_reg is absorbed into DSP q115_mul_return0.
DSP Report: register s2_u_reg is absorbed into DSP q115_mul_return0.
DSP Report: operator q115_mul_return0 is absorbed into DSP q115_mul_return0.
DSP Report: Generating DSP q115_mul_return0, operation Mode is: A*B.
DSP Report: operator q115_mul_return0 is absorbed into DSP q115_mul_return0.
DSP Report: Generating DSP q115_mul_return0, operation Mode is: A*B2.
DSP Report: register s1_u_reg is absorbed into DSP q115_mul_return0.
DSP Report: operator q115_mul_return0 is absorbed into DSP q115_mul_return0.
DSP Report: Generating DSP q115_mul_return0, operation Mode is: A*B''.
DSP Report: register s1_u_reg is absorbed into DSP q115_mul_return0.
DSP Report: register s2_u_reg is absorbed into DSP q115_mul_return0.
DSP Report: operator q115_mul_return0 is absorbed into DSP q115_mul_return0.
---------------------------------------------------------------------------------
Finished Cross Boundary and Area Optimization : Time (s): cpu = 00:00:09 ; elapsed = 00:00:10 . Memory (MB): peak = 3340.738 ; gain = 615.102 ; free physical = 110075 ; free virtual = 129493
Synthesis current peak Physical Memory [PSS] (MB): peak = 2615.850; parent = 2360.139; children = 256.119
Synthesis current peak Virtual Memory [VSS] (MB): peak = 4262.844; parent = 3279.688; children = 983.156
---------------------------------------------------------------------------------
---------------------------------------------------------------------------------
Start ROM, RAM, DSP, Shift Register and Retiming Reporting
---------------------------------------------------------------------------------

DSP: Preliminary Mapping Report (see note below. The ' indicates corresponding REG is set)
+------------+-----------------+--------+--------+--------+--------+--------+------+------+------+------+-------+------+------+
|Module Name | DSP Mapping     | A Size | B Size | C Size | D Size | P Size | AREG | BREG | CREG | DREG | ADREG | MREG | PREG | 
+------------+-----------------+--------+--------+--------+--------+--------+------+------+------+------+-------+------+------+
|spline_eval | (D'+(A:0x1))*B2 | 1      | 16     | -      | 16     | 32     | 0    | 1    | -    | 1    | 1     | 0    | 0    | 
|spline_eval | A*B             | 16     | 16     | -      | -      | 32     | 0    | 0    | -    | -    | -     | 0    | 0    | 
|spline_eval | A*B2            | 16     | 16     | -      | -      | 32     | 0    | 1    | -    | -    | -     | 0    | 0    | 
|spline_eval | A*B''           | 16     | 16     | -      | -      | 32     | 0    | 2    | -    | -    | -     | 0    | 0    | 
|spline_eval | A*B             | 16     | 16     | -      | -      | 32     | 0    | 0    | -    | -    | -     | 0    | 0    | 
|spline_eval | A*B2            | 16     | 16     | -      | -      | 32     | 0    | 1    | -    | -    | -     | 0    | 0    | 
|spline_eval | A*B''           | 16     | 16     | -      | -      | 32     | 0    | 2    | -    | -    | -     | 0    | 0    | 
+------------+-----------------+--------+--------+--------+--------+--------+------+------+------+------+-------+------+------+

Note: The table above is a preliminary report that shows the DSPs inferred at the current stage of the synthesis flow. Some DSP may be reimplemented as non DSP primitives later in the synthesis flow. Multiple instantiated DSPs are reported only once.
---------------------------------------------------------------------------------
Finished ROM, RAM, DSP, Shift Register and Retiming Reporting
---------------------------------------------------------------------------------
---------------------------------------------------------------------------------
Start Applying XDC Timing Constraints
---------------------------------------------------------------------------------
---------------------------------------------------------------------------------
Finished Applying XDC Timing Constraints : Time (s): cpu = 00:00:13 ; elapsed = 00:00:14 . Memory (MB): peak = 3604.129 ; gain = 878.492 ; free physical = 109645 ; free virtual = 129117
Synthesis current peak Physical Memory [PSS] (MB): peak = 3114.189; parent = 2858.479; children = 256.119
Synthesis current peak Virtual Memory [VSS] (MB): peak = 4587.289; parent = 3604.133; children = 983.156
---------------------------------------------------------------------------------
---------------------------------------------------------------------------------
Start Timing Optimization
---------------------------------------------------------------------------------
---------------------------------------------------------------------------------
Finished Timing Optimization : Time (s): cpu = 00:00:14 ; elapsed = 00:00:15 . Memory (MB): peak = 3683.457 ; gain = 957.820 ; free physical = 109561 ; free virtual = 129033
Synthesis current peak Physical Memory [PSS] (MB): peak = 3127.545; parent = 2871.834; children = 256.119
Synthesis current peak Virtual Memory [VSS] (MB): peak = 4666.617; parent = 3683.461; children = 983.156
---------------------------------------------------------------------------------
---------------------------------------------------------------------------------
Start Technology Mapping
---------------------------------------------------------------------------------
---------------------------------------------------------------------------------
Finished Technology Mapping : Time (s): cpu = 00:00:14 ; elapsed = 00:00:15 . Memory (MB): peak = 3683.457 ; gain = 957.820 ; free physical = 109561 ; free virtual = 129033
Synthesis current peak Physical Memory [PSS] (MB): peak = 3127.545; parent = 2871.834; children = 256.119
Synthesis current peak Virtual Memory [VSS] (MB): peak = 4666.617; parent = 3683.461; children = 983.156
---------------------------------------------------------------------------------
---------------------------------------------------------------------------------
Start IO Insertion
---------------------------------------------------------------------------------
---------------------------------------------------------------------------------
Start Flattening Before IO Insertion
---------------------------------------------------------------------------------
---------------------------------------------------------------------------------
Finished Flattening Before IO Insertion
---------------------------------------------------------------------------------
---------------------------------------------------------------------------------
Start Final Netlist Cleanup
---------------------------------------------------------------------------------
---------------------------------------------------------------------------------
Finished Final Netlist Cleanup
---------------------------------------------------------------------------------
---------------------------------------------------------------------------------
Finished IO Insertion : Time (s): cpu = 00:00:15 ; elapsed = 00:00:16 . Memory (MB): peak = 3683.457 ; gain = 957.820 ; free physical = 109562 ; free virtual = 129034
Synthesis current peak Physical Memory [PSS] (MB): peak = 3127.545; parent = 2871.834; children = 256.119
Synthesis current peak Virtual Memory [VSS] (MB): peak = 4666.617; parent = 3683.461; children = 983.156
---------------------------------------------------------------------------------
---------------------------------------------------------------------------------
Start Renaming Generated Instances
---------------------------------------------------------------------------------
---------------------------------------------------------------------------------
Finished Renaming Generated Instances : Time (s): cpu = 00:00:15 ; elapsed = 00:00:16 . Memory (MB): peak = 3683.457 ; gain = 957.820 ; free physical = 109562 ; free virtual = 129034
Synthesis current peak Physical Memory [PSS] (MB): peak = 3127.545; parent = 2871.834; children = 256.119
Synthesis current peak Virtual Memory [VSS] (MB): peak = 4666.617; parent = 3683.461; children = 983.156
---------------------------------------------------------------------------------
---------------------------------------------------------------------------------
Start Rebuilding User Hierarchy
---------------------------------------------------------------------------------
---------------------------------------------------------------------------------
Finished Rebuilding User Hierarchy : Time (s): cpu = 00:00:15 ; elapsed = 00:00:16 . Memory (MB): peak = 3683.457 ; gain = 957.820 ; free physical = 109562 ; free virtual = 129034
Synthesis current peak Physical Memory [PSS] (MB): peak = 3127.545; parent = 2871.834; children = 256.119
Synthesis current peak Virtual Memory [VSS] (MB): peak = 4666.617; parent = 3683.461; children = 983.156
---------------------------------------------------------------------------------
---------------------------------------------------------------------------------
Start Renaming Generated Ports
---------------------------------------------------------------------------------
---------------------------------------------------------------------------------
Finished Renaming Generated Ports : Time (s): cpu = 00:00:15 ; elapsed = 00:00:16 . Memory (MB): peak = 3683.457 ; gain = 957.820 ; free physical = 109562 ; free virtual = 129034
Synthesis current peak Physical Memory [PSS] (MB): peak = 3127.545; parent = 2871.834; children = 256.119
Synthesis current peak Virtual Memory [VSS] (MB): peak = 4666.617; parent = 3683.461; children = 983.156
---------------------------------------------------------------------------------
---------------------------------------------------------------------------------
Start Handling Custom Attributes
---------------------------------------------------------------------------------
---------------------------------------------------------------------------------
Finished Handling Custom Attributes : Time (s): cpu = 00:00:15 ; elapsed = 00:00:16 . Memory (MB): peak = 3683.457 ; gain = 957.820 ; free physical = 109562 ; free virtual = 129034
Synthesis current peak Physical Memory [PSS] (MB): peak = 3127.545; parent = 2871.834; children = 256.119
Synthesis current peak Virtual Memory [VSS] (MB): peak = 4666.617; parent = 3683.461; children = 983.156
---------------------------------------------------------------------------------
---------------------------------------------------------------------------------
Start Renaming Generated Nets
---------------------------------------------------------------------------------
---------------------------------------------------------------------------------
Finished Renaming Generated Nets : Time (s): cpu = 00:00:15 ; elapsed = 00:00:16 . Memory (MB): peak = 3683.457 ; gain = 957.820 ; free physical = 109562 ; free virtual = 129034
Synthesis current peak Physical Memory [PSS] (MB): peak = 3127.545; parent = 2871.834; children = 256.119
Synthesis current peak Virtual Memory [VSS] (MB): peak = 4666.617; parent = 3683.461; children = 983.156
---------------------------------------------------------------------------------
---------------------------------------------------------------------------------
Start ROM, RAM, DSP, Shift Register and Retiming Reporting
---------------------------------------------------------------------------------

Static Shift Register Report:
+------------+---------------------------+--------+-------+--------------+--------------------+-------------------+--------+---------+
|Module Name | RTL Name                  | Length | Width | Reset Signal | Pull out first Reg | Pull out last Reg | SRL16E | SRLC32E | 
+------------+---------------------------+--------+-------+--------------+--------------------+-------------------+--------+---------+
|spline_eval | env_delay/sr_reg[27][31]  | 29     | 32    | YES          | NO                 | YES               | 0      | 32      | 
|spline_eval | valid_delay/sr_reg[27][0] | 32     | 1     | YES          | NO                 | YES               | 0      | 1       | 
+------------+---------------------------+--------+-------+--------------+--------------------+-------------------+--------+---------+

---------------------------------------------------------------------------------
Finished ROM, RAM, DSP, Shift Register and Retiming Reporting
---------------------------------------------------------------------------------
---------------------------------------------------------------------------------
Start Writing Synthesis Report
---------------------------------------------------------------------------------

DSP Final Report (the ' indicates corresponding REG is set)
+------------+-------------+--------+--------+--------+--------+--------+------+------+------+------+-------+------+------+
|Module Name | DSP Mapping | A Size | B Size | C Size | D Size | P Size | AREG | BREG | CREG | DREG | ADREG | MREG | PREG | 
+------------+-------------+--------+--------+--------+--------+--------+------+------+------+------+-------+------+------+
|spline_eval | (D'+A)'*B'  | 1      | 16     | -      | 16     | 32     | 0    | 1    | -    | 1    | 1     | 0    | 0    | 
|spline_eval | (A*B)'      | 30     | 18     | -      | -      | 32     | 0    | 0    | -    | -    | -     | 0    | 1    | 
|spline_eval | (A*B')'     | 30     | 18     | -      | -      | 32     | 0    | 1    | -    | -    | -     | 0    | 1    | 
|spline_eval | (A*B'')'    | 30     | 18     | -      | -      | 32     | 0    | 2    | -    | -    | -     | 0    | 1    | 
|spline_eval | (A*B)'      | 30     | 18     | -      | -      | 32     | 0    | 0    | -    | -    | -     | 0    | 1    | 
|spline_eval | (A*B')'     | 30     | 18     | -      | -      | 32     | 0    | 1    | -    | -    | -     | 0    | 1    | 
|spline_eval | (A*B'')'    | 30     | 18     | -      | -      | 32     | 0    | 2    | -    | -    | -     | 0    | 1    | 
+------------+-------------+--------+--------+--------+--------+--------+------+------+------+------+-------+------+------+


Report BlackBoxes: 
+-+--------------+----------+
| |BlackBox name |Instances |
+-+--------------+----------+
+-+--------------+----------+

Report Cell Usage: 
+------+----------------+------+
|      |Cell            |Count |
+------+----------------+------+
|1     |BUFG            |     1|
|2     |CARRY8          |    26|
|3     |DSP_ALU         |     7|
|4     |DSP_A_B_DATA    |     7|
|7     |DSP_C_DATA      |     7|
|8     |DSP_MULTIPLIER  |     7|
|10    |DSP_M_DATA      |     7|
|11    |DSP_OUTPUT      |     7|
|13    |DSP_PREADD      |     7|
|14    |DSP_PREADD_DATA |     7|
|16    |LUT1            |     8|
|17    |LUT2            |   149|
|18    |LUT3            |    37|
|19    |LUT4            |     7|
|20    |LUT5            |     9|
|21    |LUT6            |    27|
|22    |SRLC32E         |    33|
|23    |FDRE            |   347|
|24    |IBUF            |   187|
|25    |OBUF            |    58|
+------+----------------+------+
---------------------------------------------------------------------------------
Finished Writing Synthesis Report : Time (s): cpu = 00:00:15 ; elapsed = 00:00:16 . Memory (MB): peak = 3683.457 ; gain = 957.820 ; free physical = 109562 ; free virtual = 129034
Synthesis current peak Physical Memory [PSS] (MB): peak = 3127.545; parent = 2871.834; children = 256.119
Synthesis current peak Virtual Memory [VSS] (MB): peak = 4666.617; parent = 3683.461; children = 983.156
---------------------------------------------------------------------------------
Synthesis finished with 0 errors, 0 critical warnings and 1 warnings.
Synthesis Optimization Runtime : Time (s): cpu = 00:00:12 ; elapsed = 00:00:13 . Memory (MB): peak = 3683.457 ; gain = 744.508 ; free physical = 109562 ; free virtual = 129034
Synthesis Optimization Complete : Time (s): cpu = 00:00:15 ; elapsed = 00:00:16 . Memory (MB): peak = 3683.465 ; gain = 957.820 ; free physical = 109562 ; free virtual = 129034
INFO: [Project 1-571] Translating synthesized netlist
Netlist sorting complete. Time (s): cpu = 00:00:00 ; elapsed = 00:00:00.01 . Memory (MB): peak = 3683.465 ; gain = 0.000 ; free physical = 109684 ; free virtual = 129158
INFO: [Netlist 29-17] Analyzing 221 Unisim elements for replacement
INFO: [Netlist 29-28] Unisim Transformation completed in 0 CPU seconds
INFO: [Project 1-570] Preparing netlist for logic optimization
Parsing XDC File [/home/garv/QubiCSpline/scripts/timing.xdc]
Finished Parsing XDC File [/home/garv/QubiCSpline/scripts/timing.xdc]
INFO: [Opt 31-138] Pushed 0 inverter(s) to 0 load pin(s).
Netlist sorting complete. Time (s): cpu = 00:00:00 ; elapsed = 00:00:00 . Memory (MB): peak = 3746.176 ; gain = 0.000 ; free physical = 109684 ; free virtual = 129159
INFO: [Project 1-111] Unisim Transformation Summary:
  A total of 195 instances were transformed.
  BUFG => BUFGCE: 1 instance 
  DSP48E2 => DSP48E2 (DSP_ALU, DSP_A_B_DATA, DSP_C_DATA, DSP_MULTIPLIER, DSP_M_DATA, DSP_OUTPUT, DSP_PREADD, DSP_PREADD_DATA): 7 instances
  IBUF => IBUF (IBUFCTRL, INBUF): 187 instances

Synth Design complete, checksum: 4b44ccba
INFO: [Common 17-83] Releasing license: Synthesis
24 Infos, 2 Warnings, 0 Critical Warnings and 0 Errors encountered.
synth_design completed successfully
synth_design: Time (s): cpu = 00:00:22 ; elapsed = 00:00:22 . Memory (MB): peak = 3746.176 ; gain = 2030.180 ; free physical = 109684 ; free virtual = 129159
# opt_design
Command: opt_design
Attempting to get a license for feature 'Implementation' and/or device 'xczu48dr'
INFO: [Common 17-349] Got license for feature 'Implementation' and/or device 'xczu48dr'
INFO: [Common 17-1540] The version limit for your license is '2023.02' and has expired for new software. A version limit expiration means that, although you may be able to continue to use the current version of tools or IP with this license, you will not be eligible for new releases.
Running DRC as a precondition to command opt_design

Starting DRC Task
INFO: [DRC 23-27] Running DRC with 8 threads
INFO: [Project 1-461] DRC finished with 0 Errors
INFO: [Project 1-462] Please refer to the DRC report (report_drc) for more information.

Time (s): cpu = 00:00:00.8 ; elapsed = 00:00:00.49 . Memory (MB): peak = 3843.863 ; gain = 97.688 ; free physical = 109682 ; free virtual = 129158

Starting Cache Timing Information Task
INFO: [Timing 38-35] Done setting XDC timing constraints.
Ending Cache Timing Information Task | Checksum: 119892f2a

Time (s): cpu = 00:00:00.32 ; elapsed = 00:00:00.15 . Memory (MB): peak = 3843.863 ; gain = 0.000 ; free physical = 109680 ; free virtual = 129156

Starting Logic Optimization Task

Phase 1 Retarget
INFO: [Opt 31-138] Pushed 0 inverter(s) to 0 load pin(s).
INFO: [Opt 31-49] Retargeted 0 cell(s).
Phase 1 Retarget | Checksum: 1719dcc45

Time (s): cpu = 00:00:00.07 ; elapsed = 00:00:00.03 . Memory (MB): peak = 3976.816 ; gain = 0.000 ; free physical = 109637 ; free virtual = 129113
INFO: [Opt 31-389] Phase Retarget created 0 cells and removed 0 cells

Phase 2 Constant propagation
INFO: [Opt 31-138] Pushed 0 inverter(s) to 0 load pin(s).
Phase 2 Constant propagation | Checksum: 1719dcc45

Time (s): cpu = 00:00:00.07 ; elapsed = 00:00:00.03 . Memory (MB): peak = 3976.816 ; gain = 0.000 ; free physical = 109637 ; free virtual = 129113
INFO: [Opt 31-389] Phase Constant propagation created 0 cells and removed 0 cells

Phase 3 Sweep
Phase 3 Sweep | Checksum: 16293796e

Time (s): cpu = 00:00:00.08 ; elapsed = 00:00:00.04 . Memory (MB): peak = 3976.816 ; gain = 0.000 ; free physical = 109637 ; free virtual = 129113
INFO: [Opt 31-389] Phase Sweep created 12 cells and removed 0 cells

Phase 4 BUFG optimization
INFO: [Opt 31-1077] Phase BUFG optimization inserted 0 global clock buffer(s) for CLOCK_LOW_FANOUT.
Phase 4 BUFG optimization | Checksum: 16293796e

Time (s): cpu = 00:00:00.16 ; elapsed = 00:00:00.07 . Memory (MB): peak = 4025.660 ; gain = 48.844 ; free physical = 109635 ; free virtual = 129111
INFO: [Opt 31-662] Phase BUFG optimization created 0 cells of which 0 are BUFGs and removed 0 cells.

Phase 5 Shift Register Optimization
INFO: [Opt 31-1064] SRL Remap converted 0 SRLs to 0 registers and converted 0 registers of register chains to 0 SRLs
Phase 5 Shift Register Optimization | Checksum: 16293796e

Time (s): cpu = 00:00:00.16 ; elapsed = 00:00:00.07 . Memory (MB): peak = 4025.660 ; gain = 48.844 ; free physical = 109635 ; free virtual = 129111
INFO: [Opt 31-389] Phase Shift Register Optimization created 0 cells and removed 0 cells

Phase 6 Post Processing Netlist
Phase 6 Post Processing Netlist | Checksum: 16293796e

Time (s): cpu = 00:00:00.16 ; elapsed = 00:00:00.07 . Memory (MB): peak = 4025.660 ; gain = 48.844 ; free physical = 109635 ; free virtual = 129111
INFO: [Opt 31-389] Phase Post Processing Netlist created 0 cells and removed 0 cells
Opt_design Change Summary
=========================


-------------------------------------------------------------------------------------------------------------------------
|  Phase                        |  #Cells created  |  #Cells Removed  |  #Constrained objects preventing optimizations  |
-------------------------------------------------------------------------------------------------------------------------
|  Retarget                     |               0  |               0  |                                              0  |
|  Constant propagation         |               0  |               0  |                                              0  |
|  Sweep                        |              12  |               0  |                                              0  |
|  BUFG optimization            |               0  |               0  |                                              0  |
|  Shift Register Optimization  |               0  |               0  |                                              0  |
|  Post Processing Netlist      |               0  |               0  |                                              0  |
-------------------------------------------------------------------------------------------------------------------------



Starting Connectivity Check Task

Time (s): cpu = 00:00:00 ; elapsed = 00:00:00 . Memory (MB): peak = 4025.660 ; gain = 0.000 ; free physical = 109635 ; free virtual = 129111
Ending Logic Optimization Task | Checksum: e1cc6441

Time (s): cpu = 00:00:00.18 ; elapsed = 00:00:00.09 . Memory (MB): peak = 4025.660 ; gain = 48.844 ; free physical = 109635 ; free virtual = 129111

Starting Power Optimization Task
INFO: [Pwropt 34-132] Skipping clock gating for clocks with a period < 2.00 ns.
Ending Power Optimization Task | Checksum: e1cc6441

Time (s): cpu = 00:00:00 ; elapsed = 00:00:00 . Memory (MB): peak = 4025.660 ; gain = 0.000 ; free physical = 109822 ; free virtual = 129299

Starting Final Cleanup Task
Ending Final Cleanup Task | Checksum: e1cc6441

Time (s): cpu = 00:00:00 ; elapsed = 00:00:00 . Memory (MB): peak = 4025.660 ; gain = 0.000 ; free physical = 109822 ; free virtual = 129299

Starting Netlist Obfuscation Task
Netlist sorting complete. Time (s): cpu = 00:00:00 ; elapsed = 00:00:00 . Memory (MB): peak = 4025.660 ; gain = 0.000 ; free physical = 109822 ; free virtual = 129299
Ending Netlist Obfuscation Task | Checksum: e1cc6441

Time (s): cpu = 00:00:00 ; elapsed = 00:00:00 . Memory (MB): peak = 4025.660 ; gain = 0.000 ; free physical = 109822 ; free virtual = 129299
INFO: [Common 17-83] Releasing license: Implementation
19 Infos, 0 Warnings, 0 Critical Warnings and 0 Errors encountered.
opt_design completed successfully
# place_design
Command: place_design
Attempting to get a license for feature 'Implementation' and/or device 'xczu48dr'
INFO: [Common 17-349] Got license for feature 'Implementation' and/or device 'xczu48dr'
INFO: [Common 17-1540] The version limit for your license is '2023.02' and has expired for new software. A version limit expiration means that, although you may be able to continue to use the current version of tools or IP with this license, you will not be eligible for new releases.
INFO: [DRC 23-27] Running DRC with 8 threads
INFO: [Vivado_Tcl 4-198] DRC finished with 0 Errors
INFO: [Vivado_Tcl 4-199] Please refer to the DRC report (report_drc) for more information.
Running DRC as a precondition to command place_design
INFO: [DRC 23-27] Running DRC with 8 threads
INFO: [Vivado_Tcl 4-198] DRC finished with 0 Errors
INFO: [Vivado_Tcl 4-199] Please refer to the DRC report (report_drc) for more information.

Starting Placer Task
INFO: [Place 30-611] Multithreading enabled for place_design using a maximum of 8 CPUs

Phase 1 Placer Initialization

Phase 1.1 Placer Initialization Netlist Sorting
Netlist sorting complete. Time (s): cpu = 00:00:00 ; elapsed = 00:00:00 . Memory (MB): peak = 4074.504 ; gain = 0.000 ; free physical = 109753 ; free virtual = 129231
Phase 1.1 Placer Initialization Netlist Sorting | Checksum: a1b19b8f

Time (s): cpu = 00:00:00 ; elapsed = 00:00:00 . Memory (MB): peak = 4074.504 ; gain = 0.000 ; free physical = 109753 ; free virtual = 129231
Netlist sorting complete. Time (s): cpu = 00:00:00 ; elapsed = 00:00:00 . Memory (MB): peak = 4074.504 ; gain = 0.000 ; free physical = 109753 ; free virtual = 129231

Phase 1.2 IO Placement/ Clock Placement/ Build Placer Device
INFO: [Timing 38-35] Done setting XDC timing constraints.
Phase 1.2 IO Placement/ Clock Placement/ Build Placer Device | Checksum: 1c8e20523

Time (s): cpu = 00:00:09 ; elapsed = 00:00:09 . Memory (MB): peak = 4584.223 ; gain = 509.719 ; free physical = 108950 ; free virtual = 128589

Phase 1.3 Build Placer Netlist Model
Phase 1.3 Build Placer Netlist Model | Checksum: 1f8e355ec

Time (s): cpu = 00:00:10 ; elapsed = 00:00:10 . Memory (MB): peak = 4652.305 ; gain = 577.801 ; free physical = 108911 ; free virtual = 128553

Phase 1.4 Constrain Clocks/Macros
Phase 1.4 Constrain Clocks/Macros | Checksum: 1f8e355ec

Time (s): cpu = 00:00:10 ; elapsed = 00:00:10 . Memory (MB): peak = 4652.305 ; gain = 577.801 ; free physical = 108911 ; free virtual = 128553
Phase 1 Placer Initialization | Checksum: 1f8e355ec

Time (s): cpu = 00:00:10 ; elapsed = 00:00:10 . Memory (MB): peak = 4652.305 ; gain = 577.801 ; free physical = 108912 ; free virtual = 128553

Phase 2 Global Placement

Phase 2.1 Floorplanning

Phase 2.1.1 Partition Driven Placement

Phase 2.1.1.1 PBP: Partition Driven Placement
Phase 2.1.1.1 PBP: Partition Driven Placement | Checksum: 1f55b0ad9

Time (s): cpu = 00:00:10 ; elapsed = 00:00:10 . Memory (MB): peak = 4664.516 ; gain = 590.012 ; free physical = 108937 ; free virtual = 128579

Phase 2.1.1.2 PBP: Clock Region Placement
Phase 2.1.1.2 PBP: Clock Region Placement | Checksum: 1f55b0ad9

Time (s): cpu = 00:00:10 ; elapsed = 00:00:10 . Memory (MB): peak = 4664.516 ; gain = 590.012 ; free physical = 108920 ; free virtual = 128563

Phase 2.1.1.3 PBP: Compute Congestion
Phase 2.1.1.3 PBP: Compute Congestion | Checksum: 1f55b0ad9

Time (s): cpu = 00:00:12 ; elapsed = 00:00:10 . Memory (MB): peak = 4777.910 ; gain = 703.406 ; free physical = 108839 ; free virtual = 128534

Phase 2.1.1.4 PBP: UpdateTiming
Phase 2.1.1.4 PBP: UpdateTiming | Checksum: 1d156f9d9

Time (s): cpu = 00:00:12 ; elapsed = 00:00:10 . Memory (MB): peak = 4836.965 ; gain = 762.461 ; free physical = 108839 ; free virtual = 128534

Phase 2.1.1.5 PBP: Add part constraints
Phase 2.1.1.5 PBP: Add part constraints | Checksum: 1d156f9d9

Time (s): cpu = 00:00:12 ; elapsed = 00:00:10 . Memory (MB): peak = 4836.965 ; gain = 762.461 ; free physical = 108839 ; free virtual = 128534
Phase 2.1.1 Partition Driven Placement | Checksum: 1d156f9d9

Time (s): cpu = 00:00:12 ; elapsed = 00:00:10 . Memory (MB): peak = 4836.965 ; gain = 762.461 ; free physical = 108839 ; free virtual = 128534
Phase 2.1 Floorplanning | Checksum: 1d156f9d9

Time (s): cpu = 00:00:12 ; elapsed = 00:00:10 . Memory (MB): peak = 4836.965 ; gain = 762.461 ; free physical = 108839 ; free virtual = 128534

Phase 2.2 Update Timing before SLR Path Opt
Phase 2.2 Update Timing before SLR Path Opt | Checksum: 1d156f9d9

Time (s): cpu = 00:00:12 ; elapsed = 00:00:10 . Memory (MB): peak = 4836.965 ; gain = 762.461 ; free physical = 108839 ; free virtual = 128534

Phase 2.3 Post-Processing in Floorplanning
Phase 2.3 Post-Processing in Floorplanning | Checksum: 1d156f9d9

Time (s): cpu = 00:00:12 ; elapsed = 00:00:10 . Memory (MB): peak = 4836.965 ; gain = 762.461 ; free physical = 108839 ; free virtual = 128534

Phase 2.4 Global Placement Core

Phase 2.4.1 UpdateTiming Before Physical Synthesis
Phase 2.4.1 UpdateTiming Before Physical Synthesis | Checksum: 2a280aafd

Time (s): cpu = 00:00:18 ; elapsed = 00:00:13 . Memory (MB): peak = 4980.316 ; gain = 905.812 ; free physical = 108067 ; free virtual = 127762

Phase 2.4.2 Physical Synthesis In Placer
INFO: [Physopt 32-1035] Found 0 LUTNM shape to break, 5 LUT instances to create LUTNM shape
INFO: [Physopt 32-1044] Break lutnm for timing: one critical 0, two critical 0, total 0, new lutff created 0
INFO: [Physopt 32-1138] End 1 Pass. Optimized 2 nets or LUTs. Breaked 0 LUT, combined 2 existing LUTs and moved 0 existing LUT
INFO: [Physopt 32-69] No nets found for rewiring optimization.
INFO: [Physopt 32-661] Optimized 0 net.  Re-placed 0 instance.
INFO: [Physopt 32-775] End 1 Pass. Optimized 0 net or cell. Created 0 new cell, deleted 0 existing cell and moved 0 existing cell
INFO: [Physopt 32-65] No nets found for high-fanout optimization.
INFO: [Physopt 32-232] Optimized 0 net. Created 0 new instance.
INFO: [Physopt 32-775] End 1 Pass. Optimized 0 net or cell. Created 0 new cell, deleted 0 existing cell and moved 0 existing cell
INFO: [Physopt 32-670] No setup violation found.  DSP Register Optimization was not performed.
INFO: [Physopt 32-670] No setup violation found.  Shift Register to Pipeline Optimization was not performed.
INFO: [Physopt 32-670] No setup violation found.  Shift Register Optimization was not performed.
INFO: [Physopt 32-670] No setup violation found.  BRAM Register Optimization was not performed.
INFO: [Physopt 32-670] No setup violation found.  URAM Register Optimization was not performed.
INFO: [Physopt 32-949] No candidate nets found for dynamic/static region interface net replication
INFO: [Physopt 32-775] End 1 Pass. Optimized 0 net or cell. Created 0 new cell, deleted 0 existing cell and moved 0 existing cell
Netlist sorting complete. Time (s): cpu = 00:00:00 ; elapsed = 00:00:00 . Memory (MB): peak = 4980.316 ; gain = 0.000 ; free physical = 108079 ; free virtual = 127777

Summary of Physical Synthesis Optimizations
============================================


-----------------------------------------------------------------------------------------------------------------------------------------------------------
|  Optimization                                     |  Added Cells  |  Removed Cells  |  Optimized Cells/Nets  |  Dont Touch  |  Iterations  |  Elapsed   |
-----------------------------------------------------------------------------------------------------------------------------------------------------------
|  LUT Combining                                    |            0  |              2  |                     2  |           0  |           1  |  00:00:00  |
|  Retime                                           |            0  |              0  |                     0  |           0  |           1  |  00:00:00  |
|  Equivalent Driver Rewiring                       |            0  |              0  |                     0  |           0  |           1  |  00:00:00  |
|  Very High Fanout                                 |            0  |              0  |                     0  |           0  |           1  |  00:00:00  |
|  DSP Register                                     |            0  |              0  |                     0  |           0  |           0  |  00:00:00  |
|  Shift Register to Pipeline                       |            0  |              0  |                     0  |           0  |           0  |  00:00:00  |
|  Shift Register                                   |            0  |              0  |                     0  |           0  |           0  |  00:00:00  |
|  BRAM Register                                    |            0  |              0  |                     0  |           0  |           0  |  00:00:00  |
|  URAM Register                                    |            0  |              0  |                     0  |           0  |           0  |  00:00:00  |
|  Dynamic/Static Region Interface Net Replication  |            0  |              0  |                     0  |           0  |           1  |  00:00:00  |
|  Total                                            |            0  |              2  |                     2  |           0  |           5  |  00:00:00  |
-----------------------------------------------------------------------------------------------------------------------------------------------------------


Phase 2.4.2 Physical Synthesis In Placer | Checksum: 24826aee1

Time (s): cpu = 00:00:18 ; elapsed = 00:00:13 . Memory (MB): peak = 4980.316 ; gain = 905.812 ; free physical = 108079 ; free virtual = 127777
Phase 2.4 Global Placement Core | Checksum: 20a06f95c

Time (s): cpu = 00:00:20 ; elapsed = 00:00:14 . Memory (MB): peak = 4980.316 ; gain = 905.812 ; free physical = 107999 ; free virtual = 127697
Phase 2 Global Placement | Checksum: 20a06f95c

Time (s): cpu = 00:00:20 ; elapsed = 00:00:14 . Memory (MB): peak = 4980.316 ; gain = 905.812 ; free physical = 108003 ; free virtual = 127702

Phase 3 Detail Placement

Phase 3.1 Commit Multi Column Macros
Phase 3.1 Commit Multi Column Macros | Checksum: 25a6e40ba

Time (s): cpu = 00:00:22 ; elapsed = 00:00:15 . Memory (MB): peak = 4980.316 ; gain = 905.812 ; free physical = 108285 ; free virtual = 127984

Phase 3.2 Commit Most Macros & LUTRAMs
Phase 3.2 Commit Most Macros & LUTRAMs | Checksum: 27f1a8404

Time (s): cpu = 00:00:22 ; elapsed = 00:00:15 . Memory (MB): peak = 4980.316 ; gain = 905.812 ; free physical = 108277 ; free virtual = 127976

Phase 3.3 Small Shape DP

Phase 3.3.1 Small Shape Clustering
Phase 3.3.1 Small Shape Clustering | Checksum: 2737cf95d

Time (s): cpu = 00:00:22 ; elapsed = 00:00:15 . Memory (MB): peak = 4980.316 ; gain = 905.812 ; free physical = 108158 ; free virtual = 127856

Phase 3.3.2 Flow Legalize Slice Clusters
Phase 3.3.2 Flow Legalize Slice Clusters | Checksum: 2b790f55b

Time (s): cpu = 00:00:22 ; elapsed = 00:00:15 . Memory (MB): peak = 4980.316 ; gain = 905.812 ; free physical = 108158 ; free virtual = 127856

Phase 3.3.3 Slice Area Swap

Phase 3.3.3.1 Slice Area Swap Initial
Phase 3.3.3.1 Slice Area Swap Initial | Checksum: 253291477

Time (s): cpu = 00:00:23 ; elapsed = 00:00:15 . Memory (MB): peak = 4980.316 ; gain = 905.812 ; free physical = 108134 ; free virtual = 127833
Phase 3.3.3 Slice Area Swap | Checksum: 253291477

Time (s): cpu = 00:00:23 ; elapsed = 00:00:15 . Memory (MB): peak = 4980.316 ; gain = 905.812 ; free physical = 108127 ; free virtual = 127825
Phase 3.3 Small Shape DP | Checksum: 10d50774f

Time (s): cpu = 00:00:23 ; elapsed = 00:00:15 . Memory (MB): peak = 4980.316 ; gain = 905.812 ; free physical = 108127 ; free virtual = 127825

Phase 3.4 Re-assign LUT pins
Phase 3.4 Re-assign LUT pins | Checksum: 12fbbd9f6

Time (s): cpu = 00:00:23 ; elapsed = 00:00:15 . Memory (MB): peak = 4980.316 ; gain = 905.812 ; free physical = 108127 ; free virtual = 127825

Phase 3.5 Pipeline Register Optimization
Phase 3.5 Pipeline Register Optimization | Checksum: 1a1499af6

Time (s): cpu = 00:00:23 ; elapsed = 00:00:15 . Memory (MB): peak = 4980.316 ; gain = 905.812 ; free physical = 108127 ; free virtual = 127825
Phase 3 Detail Placement | Checksum: 1a1499af6

Time (s): cpu = 00:00:23 ; elapsed = 00:00:15 . Memory (MB): peak = 4980.316 ; gain = 905.812 ; free physical = 108127 ; free virtual = 127825

Phase 4 Post Placement Optimization and Clean-Up

Phase 4.1 Post Commit Optimization
INFO: [Timing 38-35] Done setting XDC timing constraints.

Phase 4.1.1 Post Placement Optimization
Post Placement Optimization Initialization | Checksum: 104d0f927

Phase 4.1.1.1 BUFG Insertion

Starting Physical Synthesis Task

Phase 1 Physical Synthesis Initialization
INFO: [Physopt 32-721] Multithreading enabled for phys_opt_design using a maximum of 8 CPUs
INFO: [Physopt 32-619] Estimated Timing Summary | WNS=0.456 | TNS=0.000 |
Phase 1 Physical Synthesis Initialization | Checksum: 120ffd9cf

Time (s): cpu = 00:00:00.05 ; elapsed = 00:00:00.03 . Memory (MB): peak = 4980.316 ; gain = 0.000 ; free physical = 108079 ; free virtual = 127778
INFO: [Place 46-56] BUFG insertion identified 0 candidate nets. Inserted BUFG: 0, Replicated BUFG Driver: 0, Skipped due to Placement/Routing Conflicts: 0, Skipped due to Timing Degradation: 0, Skipped due to Illegal Netlist: 0.
Ending Physical Synthesis Task | Checksum: 9ab0ed5c

Time (s): cpu = 00:00:00.06 ; elapsed = 00:00:00.04 . Memory (MB): peak = 4980.316 ; gain = 0.000 ; free physical = 108079 ; free virtual = 127778
Phase 4.1.1.1 BUFG Insertion | Checksum: 104d0f927

Time (s): cpu = 00:00:26 ; elapsed = 00:00:17 . Memory (MB): peak = 4980.316 ; gain = 905.812 ; free physical = 108079 ; free virtual = 127778

Phase 4.1.1.2 Post Placement Timing Optimization
INFO: [Place 30-746] Post Placement Timing Summary WNS=0.483. For the most accurate timing information please run report_timing.
Phase 4.1.1.2 Post Placement Timing Optimization | Checksum: 17eb2bb61

Time (s): cpu = 00:00:32 ; elapsed = 00:00:23 . Memory (MB): peak = 4980.316 ; gain = 905.812 ; free physical = 108191 ; free virtual = 127890

Time (s): cpu = 00:00:32 ; elapsed = 00:00:23 . Memory (MB): peak = 4980.316 ; gain = 905.812 ; free physical = 108192 ; free virtual = 127891
Phase 4.1 Post Commit Optimization | Checksum: 17eb2bb61

Time (s): cpu = 00:00:32 ; elapsed = 00:00:23 . Memory (MB): peak = 4980.316 ; gain = 905.812 ; free physical = 108192 ; free virtual = 127891
Netlist sorting complete. Time (s): cpu = 00:00:00 ; elapsed = 00:00:00 . Memory (MB): peak = 5039.090 ; gain = 0.000 ; free physical = 108196 ; free virtual = 127895

Phase 4.2 Post Placement Cleanup
Phase 4.2 Post Placement Cleanup | Checksum: 1c2111c97

Time (s): cpu = 00:00:38 ; elapsed = 00:00:28 . Memory (MB): peak = 5039.090 ; gain = 964.586 ; free physical = 108196 ; free virtual = 127895

Phase 4.3 Placer Reporting

Phase 4.3.1 Print Estimated Congestion
INFO: [Place 30-612] Post-Placement Estimated Congestion 
 ________________________________________________________________________
|           | Global Congestion | Long Congestion   | Short Congestion  |
| Direction | Region Size       | Region Size       | Region Size       |
|___________|___________________|___________________|___________________|
|      North|                1x1|                1x1|                1x1|
|___________|___________________|___________________|___________________|
|      South|                1x1|                1x1|                1x1|
|___________|___________________|___________________|___________________|
|       East|                1x1|                1x1|                1x1|
|___________|___________________|___________________|___________________|
|       West|                1x1|                1x1|                1x1|
|___________|___________________|___________________|___________________|

Phase 4.3.1 Print Estimated Congestion | Checksum: 1c2111c97

Time (s): cpu = 00:00:38 ; elapsed = 00:00:28 . Memory (MB): peak = 5039.090 ; gain = 964.586 ; free physical = 108196 ; free virtual = 127895
Phase 4.3 Placer Reporting | Checksum: 1c2111c97

Time (s): cpu = 00:00:38 ; elapsed = 00:00:28 . Memory (MB): peak = 5039.090 ; gain = 964.586 ; free physical = 108196 ; free virtual = 127895

Phase 4.4 Final Placement Cleanup
Netlist sorting complete. Time (s): cpu = 00:00:00 ; elapsed = 00:00:00 . Memory (MB): peak = 5039.090 ; gain = 0.000 ; free physical = 108196 ; free virtual = 127895

Time (s): cpu = 00:00:38 ; elapsed = 00:00:28 . Memory (MB): peak = 5039.090 ; gain = 964.586 ; free physical = 108196 ; free virtual = 127895
Phase 4 Post Placement Optimization and Clean-Up | Checksum: 251b5e1f0

Time (s): cpu = 00:00:38 ; elapsed = 00:00:28 . Memory (MB): peak = 5039.090 ; gain = 964.586 ; free physical = 108196 ; free virtual = 127895
Ending Placer Task | Checksum: 1d81d9a47

Time (s): cpu = 00:00:38 ; elapsed = 00:00:28 . Memory (MB): peak = 5039.090 ; gain = 964.586 ; free physical = 108196 ; free virtual = 127895
INFO: [Common 17-83] Releasing license: Implementation
33 Infos, 0 Warnings, 0 Critical Warnings and 0 Errors encountered.
place_design completed successfully
place_design: Time (s): cpu = 00:00:39 ; elapsed = 00:00:28 . Memory (MB): peak = 5039.090 ; gain = 1013.430 ; free physical = 108364 ; free virtual = 128063
# route_design
Command: route_design
Attempting to get a license for feature 'Implementation' and/or device 'xczu48dr'
INFO: [Common 17-349] Got license for feature 'Implementation' and/or device 'xczu48dr'
INFO: [Common 17-1540] The version limit for your license is '2023.02' and has expired for new software. A version limit expiration means that, although you may be able to continue to use the current version of tools or IP with this license, you will not be eligible for new releases.
Running DRC as a precondition to command route_design
INFO: [DRC 23-27] Running DRC with 8 threads
INFO: [Vivado_Tcl 4-198] DRC finished with 0 Errors
INFO: [Vivado_Tcl 4-199] Please refer to the DRC report (report_drc) for more information.


Starting Routing Task
INFO: [Route 35-254] Multithreading enabled for route_design using a maximum of 8 CPUs

Phase 1 Build RT Design
Checksum: PlaceDB: ce703718 ConstDB: 0 ShapeSum: c64f01f9 RouteDB: 435e6136
Nodegraph reading from file.  Time (s): cpu = 00:00:00.46 ; elapsed = 00:00:00.5 . Memory (MB): peak = 5039.090 ; gain = 0.000 ; free physical = 108375 ; free virtual = 128080
Post Restoration Checksum: NetGraph: 33b0874c NumContArr: 9d71ab96 Constraints: 1e89e588 Timing: 0
Phase 1 Build RT Design | Checksum: efac186a

Time (s): cpu = 00:00:04 ; elapsed = 00:00:04 . Memory (MB): peak = 5039.090 ; gain = 0.000 ; free physical = 108421 ; free virtual = 128127

Phase 2 Router Initialization

Phase 2.1 Fix Topology Constraints
Phase 2.1 Fix Topology Constraints | Checksum: efac186a

Time (s): cpu = 00:00:04 ; elapsed = 00:00:04 . Memory (MB): peak = 5039.090 ; gain = 0.000 ; free physical = 108421 ; free virtual = 128127

Phase 2.2 Pre Route Cleanup
Phase 2.2 Pre Route Cleanup | Checksum: efac186a

Time (s): cpu = 00:00:04 ; elapsed = 00:00:04 . Memory (MB): peak = 5039.090 ; gain = 0.000 ; free physical = 108421 ; free virtual = 128127

Phase 2.3 Global Clock Net Routing
 Number of Nodes with overlaps = 0
Phase 2.3 Global Clock Net Routing | Checksum: e281e8b5

Time (s): cpu = 00:00:05 ; elapsed = 00:00:04 . Memory (MB): peak = 5080.355 ; gain = 41.266 ; free physical = 108292 ; free virtual = 127999

Phase 2.4 Update Timing
Phase 2.4 Update Timing | Checksum: fd711941

Time (s): cpu = 00:00:05 ; elapsed = 00:00:04 . Memory (MB): peak = 5080.355 ; gain = 41.266 ; free physical = 108293 ; free virtual = 128000
INFO: [Route 35-416] Intermediate Timing Summary | WNS=0.554  | TNS=0.000  | WHS=-0.006 | THS=-0.006 |


Router Utilization Summary
  Global Vertical Routing Utilization    = 0 %
  Global Horizontal Routing Utilization  = 0 %
  Routable Net Status*
  *Does not include unroutable nets such as driverless and loadless.
  Run report_route_status for detailed report.
  Number of Failed Nets               = 871
    (Failed Nets is the sum of unrouted and partially routed nets)
  Number of Unrouted Nets             = 835
  Number of Partially Routed Nets     = 36
  Number of Node Overlaps             = 0

Phase 2 Router Initialization | Checksum: 1ae83de3a

Time (s): cpu = 00:00:07 ; elapsed = 00:00:05 . Memory (MB): peak = 5080.355 ; gain = 41.266 ; free physical = 108386 ; free virtual = 128093

Phase 3 Initial Routing

Phase 3.1 Global Routing
Phase 3.1 Global Routing | Checksum: 1ae83de3a

Time (s): cpu = 00:00:07 ; elapsed = 00:00:05 . Memory (MB): peak = 5080.355 ; gain = 41.266 ; free physical = 108386 ; free virtual = 128092
Phase 3 Initial Routing | Checksum: 20a900f98

Time (s): cpu = 00:00:08 ; elapsed = 00:00:05 . Memory (MB): peak = 5080.355 ; gain = 41.266 ; free physical = 108384 ; free virtual = 128091

Phase 4 Rip-up And Reroute

Phase 4.1 Global Iteration 0
 Number of Nodes with overlaps = 43
 Number of Nodes with overlaps = 5
 Number of Nodes with overlaps = 1
 Number of Nodes with overlaps = 0
INFO: [Route 35-416] Intermediate Timing Summary | WNS=0.387  | TNS=0.000  | WHS=0.034  | THS=0.000  |

Phase 4.1 Global Iteration 0 | Checksum: 1d368325e

Time (s): cpu = 00:00:08 ; elapsed = 00:00:06 . Memory (MB): peak = 5088.918 ; gain = 49.828 ; free physical = 108378 ; free virtual = 128085

Phase 4.2 Additional Iteration for Hold
Phase 4.2 Additional Iteration for Hold | Checksum: 1532bd292

Time (s): cpu = 00:00:08 ; elapsed = 00:00:06 . Memory (MB): peak = 5088.918 ; gain = 49.828 ; free physical = 108378 ; free virtual = 128085
Phase 4 Rip-up And Reroute | Checksum: 1532bd292

Time (s): cpu = 00:00:08 ; elapsed = 00:00:06 . Memory (MB): peak = 5088.918 ; gain = 49.828 ; free physical = 108378 ; free virtual = 128085

Phase 5 Delay and Skew Optimization

Phase 5.1 Delay CleanUp
Phase 5.1 Delay CleanUp | Checksum: 1532bd292

Time (s): cpu = 00:00:08 ; elapsed = 00:00:06 . Memory (MB): peak = 5088.918 ; gain = 49.828 ; free physical = 108378 ; free virtual = 128085

Phase 5.2 Clock Skew Optimization
Phase 5.2 Clock Skew Optimization | Checksum: 1532bd292

Time (s): cpu = 00:00:08 ; elapsed = 00:00:06 . Memory (MB): peak = 5088.918 ; gain = 49.828 ; free physical = 108378 ; free virtual = 128085
Phase 5 Delay and Skew Optimization | Checksum: 1532bd292

Time (s): cpu = 00:00:08 ; elapsed = 00:00:06 . Memory (MB): peak = 5088.918 ; gain = 49.828 ; free physical = 108378 ; free virtual = 128085

Phase 6 Post Hold Fix

Phase 6.1 Hold Fix Iter

Phase 6.1.1 Update Timing
Phase 6.1.1 Update Timing | Checksum: 1f6f26b0f

Time (s): cpu = 00:00:09 ; elapsed = 00:00:06 . Memory (MB): peak = 5088.918 ; gain = 49.828 ; free physical = 108378 ; free virtual = 128085
INFO: [Route 35-416] Intermediate Timing Summary | WNS=0.387  | TNS=0.000  | WHS=0.034  | THS=0.000  |

Phase 6.1 Hold Fix Iter | Checksum: 1f6f26b0f

Time (s): cpu = 00:00:09 ; elapsed = 00:00:06 . Memory (MB): peak = 5088.918 ; gain = 49.828 ; free physical = 108378 ; free virtual = 128085
Phase 6 Post Hold Fix | Checksum: 1f6f26b0f

Time (s): cpu = 00:00:09 ; elapsed = 00:00:06 . Memory (MB): peak = 5088.918 ; gain = 49.828 ; free physical = 108378 ; free virtual = 128085

Phase 7 Route finalize

Router Utilization Summary
  Global Vertical Routing Utilization    = 0.283533 %
  Global Horizontal Routing Utilization  = 0.0263686 %
  Routable Net Status*
  *Does not include unroutable nets such as driverless and loadless.
  Run report_route_status for detailed report.
  Number of Failed Nets               = 0
    (Failed Nets is the sum of unrouted and partially routed nets)
  Number of Unrouted Nets             = 0
  Number of Partially Routed Nets     = 0
  Number of Node Overlaps             = 0

Phase 7 Route finalize | Checksum: 148fb561c

Time (s): cpu = 00:00:09 ; elapsed = 00:00:06 . Memory (MB): peak = 5088.918 ; gain = 49.828 ; free physical = 108378 ; free virtual = 128085

Phase 8 Verifying routed nets

 Verification completed successfully
Phase 8 Verifying routed nets | Checksum: 148fb561c

Time (s): cpu = 00:00:09 ; elapsed = 00:00:06 . Memory (MB): peak = 5088.918 ; gain = 49.828 ; free physical = 108378 ; free virtual = 128085

Phase 9 Depositing Routes
Phase 9 Depositing Routes | Checksum: 148fb561c

Time (s): cpu = 00:00:09 ; elapsed = 00:00:06 . Memory (MB): peak = 5088.918 ; gain = 49.828 ; free physical = 108378 ; free virtual = 128085

Phase 10 Resolve XTalk
Phase 10 Resolve XTalk | Checksum: 148fb561c

Time (s): cpu = 00:00:09 ; elapsed = 00:00:06 . Memory (MB): peak = 5088.918 ; gain = 49.828 ; free physical = 108378 ; free virtual = 128085

Phase 11 Post Router Timing
INFO: [Route 35-57] Estimated Timing Summary | WNS=0.387  | TNS=0.000  | WHS=0.034  | THS=0.000  |

INFO: [Route 35-327] The final timing numbers are based on the router estimated timing analysis. For a complete and accurate timing signoff, please run report_timing_summary.
Phase 11 Post Router Timing | Checksum: 148fb561c

Time (s): cpu = 00:00:09 ; elapsed = 00:00:06 . Memory (MB): peak = 5088.918 ; gain = 49.828 ; free physical = 108378 ; free virtual = 128085
INFO: [Route 35-16] Router Completed Successfully

Time (s): cpu = 00:00:09 ; elapsed = 00:00:06 . Memory (MB): peak = 5088.918 ; gain = 49.828 ; free physical = 108484 ; free virtual = 128191

Routing Is Done.
INFO: [Common 17-83] Releasing license: Implementation
13 Infos, 0 Warnings, 0 Critical Warnings and 0 Errors encountered.
route_design completed successfully
route_design: Time (s): cpu = 00:00:10 ; elapsed = 00:00:06 . Memory (MB): peak = 5088.918 ; gain = 49.828 ; free physical = 108484 ; free virtual = 128191
# report_timing_summary -file vivado_reports/timing_summary.rpt
INFO: [Timing 38-91] UpdateTimingParams: Speed grade: -2, Temperature grade: E, Delay Type: min_max.
INFO: [Timing 38-191] Multithreading enabled for timing update using a maximum of 8 CPUs
# report_timing -nworst 20 -file vivado_reports/timing_worst.rpt
INFO: [Timing 38-91] UpdateTimingParams: Speed grade: -2, Temperature grade: E, Delay Type: max.
INFO: [Timing 38-191] Multithreading enabled for timing update using a maximum of 8 CPUs
INFO: [Timing 38-78] ReportTimingParams: -max_paths 1 -nworst 20 -delay_type max -sort_by slack.
# report_utilization -file vivado_reports/utilization.rpt
# report_drc -file vivado_reports/drc.rpt
Command: report_drc -file vivado_reports/drc.rpt
INFO: [IP_Flow 19-234] Refreshing IP repositories
INFO: [IP_Flow 19-1704] No user IP repositories specified
INFO: [IP_Flow 19-2313] Loaded Vivado IP repository '/opt/Xilinx/Vivado/2022.2/data/ip'.
INFO: [DRC 23-27] Running DRC with 8 threads
INFO: [Vivado_Tcl 2-168] The results of DRC are in file /home/garv/QubiCSpline/vivado_reports/drc.rpt.
report_drc completed successfully
# report_clocks -file vivado_reports/clocks.rpt
INFO: [Common 17-206] Exiting Vivado at Wed May 27 11:48:03 2026...
