Copyright 1986-2022 Xilinx, Inc. All Rights Reserved.
-----------------------------------------------------------------------------------------
| Tool Version      : Vivado v.2022.2 (lin64) Build 3671981 Fri Oct 14 04:59:54 MDT 2022
| Date              : Wed May 27 11:48:02 2026
| Host              : 71-176A running 64-bit Ubuntu 24.04.4 LTS
| Command           : report_timing_summary -file vivado_reports/timing_summary.rpt
| Design            : spline_eval
| Device            : xczu48dr-ffvg1517
| Speed File        : -2  PRODUCTION 1.32 01-31-2021
| Temperature Grade : E
-----------------------------------------------------------------------------------------

Timing Summary Report

------------------------------------------------------------------------------------------------
| Timer Settings
| --------------
------------------------------------------------------------------------------------------------

  Enable Multi Corner Analysis               :  Yes
  Enable Pessimism Removal                   :  Yes
  Pessimism Removal Resolution               :  Nearest Common Node
  Enable Input Delay Default Clock           :  No
  Enable Preset / Clear Arcs                 :  No
  Disable Flight Delays                      :  No
  Ignore I/O Paths                           :  No
  Timing Early Launch at Borrowing Latches   :  No
  Borrow Time for Max Delay Exceptions       :  Yes
  Merge Timing Exceptions                    :  Yes

  Corner  Analyze    Analyze    
  Name    Max Paths  Min Paths  
  ------  ---------  ---------  
  Slow    Yes        Yes        
  Fast    Yes        Yes        


------------------------------------------------------------------------------------------------
| Report Methodology
| ------------------
------------------------------------------------------------------------------------------------

No report available as report_methodology has not been run prior. Run report_methodology on the current design for the summary of methodology violations.



check_timing report

Table of Contents
-----------------
1. checking no_clock (0)
2. checking constant_clock (0)
3. checking pulse_width_clock (0)
4. checking unconstrained_internal_endpoints (0)
5. checking no_input_delay (186)
6. checking no_output_delay (58)
7. checking multiple_clock (0)
8. checking generated_clocks (0)
9. checking loops (0)
10. checking partial_input_delay (0)
11. checking partial_output_delay (0)
12. checking latch_loops (0)

1. checking no_clock (0)
------------------------
 There are 0 register/latch pins with no clock.


2. checking constant_clock (0)
------------------------------
 There are 0 register/latch pins with constant_clock.


3. checking pulse_width_clock (0)
---------------------------------
 There are 0 register/latch pins which need pulse_width check


4. checking unconstrained_internal_endpoints (0)
------------------------------------------------
 There are 0 pins that are not constrained for maximum delay.

 There are 0 pins that are not constrained for maximum delay due to constant clock.


5. checking no_input_delay (186)
--------------------------------
 There are 186 input ports with no input delay specified. (HIGH)

 There are 0 input ports with no input delay but user has a false path constraint.


6. checking no_output_delay (58)
--------------------------------
 There are 58 ports with no output delay specified. (HIGH)

 There are 0 ports with no output delay but user has a false path constraint

 There are 0 ports with no output delay but with a timing clock defined on it or propagating through it


7. checking multiple_clock (0)
------------------------------
 There are 0 register/latch pins with multiple clocks.


8. checking generated_clocks (0)
--------------------------------
 There are 0 generated clocks that are not connected to a clock source.


9. checking loops (0)
---------------------
 There are 0 combinational loops in the design.


10. checking partial_input_delay (0)
------------------------------------
 There are 0 input ports with partial input delay specified.


11. checking partial_output_delay (0)
-------------------------------------
 There are 0 ports with partial output delay specified.


12. checking latch_loops (0)
----------------------------
 There are 0 combinational latch loops in the design through latch input



------------------------------------------------------------------------------------------------
| Design Timing Summary
| ---------------------
------------------------------------------------------------------------------------------------

    WNS(ns)      TNS(ns)  TNS Failing Endpoints  TNS Total Endpoints      WHS(ns)      THS(ns)  THS Failing Endpoints  THS Total Endpoints     WPWS(ns)     TPWS(ns)  TPWS Failing Endpoints  TPWS Total Endpoints  
    -------      -------  ---------------------  -------------------      -------      -------  ---------------------  -------------------     --------     --------  ----------------------  --------------------  
      0.387        0.000                      0                  746        0.034        0.000                      0                  746        1.468        0.000                       0                   401  


All user specified timing constraints are met.


------------------------------------------------------------------------------------------------
| Clock Summary
| -------------
------------------------------------------------------------------------------------------------

Clock    Waveform(ns)         Period(ns)      Frequency(MHz)
-----    ------------         ----------      --------------
sys_clk  {0.000 2.000}        4.000           250.000         


------------------------------------------------------------------------------------------------
| Intra Clock Table
| -----------------
------------------------------------------------------------------------------------------------

Clock             WNS(ns)      TNS(ns)  TNS Failing Endpoints  TNS Total Endpoints      WHS(ns)      THS(ns)  THS Failing Endpoints  THS Total Endpoints     WPWS(ns)     TPWS(ns)  TPWS Failing Endpoints  TPWS Total Endpoints  
-----             -------      -------  ---------------------  -------------------      -------      -------  ---------------------  -------------------     --------     --------  ----------------------  --------------------  
sys_clk             0.387        0.000                      0                  746        0.034        0.000                      0                  746        1.468        0.000                       0                   401  


------------------------------------------------------------------------------------------------
| Inter Clock Table
| -----------------
------------------------------------------------------------------------------------------------

From Clock    To Clock          WNS(ns)      TNS(ns)  TNS Failing Endpoints  TNS Total Endpoints      WHS(ns)      THS(ns)  THS Failing Endpoints  THS Total Endpoints  
----------    --------          -------      -------  ---------------------  -------------------      -------      -------  ---------------------  -------------------  


------------------------------------------------------------------------------------------------
| Other Path Groups Table
| -----------------------
------------------------------------------------------------------------------------------------

Path Group    From Clock    To Clock          WNS(ns)      TNS(ns)  TNS Failing Endpoints  TNS Total Endpoints      WHS(ns)      THS(ns)  THS Failing Endpoints  THS Total Endpoints  
----------    ----------    --------          -------      -------  ---------------------  -------------------      -------      -------  ---------------------  -------------------  


------------------------------------------------------------------------------------------------
| Timing Details
| --------------
------------------------------------------------------------------------------------------------


---------------------------------------------------------------------------------------------------
From Clock:  sys_clk
  To Clock:  sys_clk

Setup :            0  Failing Endpoints,  Worst Slack        0.387ns,  Total Violation        0.000ns
Hold  :            0  Failing Endpoints,  Worst Slack        0.034ns,  Total Violation        0.000ns
PW    :            0  Failing Endpoints,  Worst Slack        1.468ns,  Total Violation        0.000ns
---------------------------------------------------------------------------------------------------


Max Delay Paths
--------------------------------------------------------------------------------------
Slack (MET) :             0.387ns  (required time - arrival time)
  Source:                 u_norm_wide/DSP_A_B_DATA_INST/CLK
                            (rising edge-triggered cell DSP_A_B_DATA clocked by sys_clk  {rise@0.000ns fall@2.000ns period=4.000ns})
  Destination:            q115_mul_return0/DSP_OUTPUT_INST/ALU_OUT[12]
                            (rising edge-triggered cell DSP_OUTPUT clocked by sys_clk  {rise@0.000ns fall@2.000ns period=4.000ns})
  Path Group:             sys_clk
  Path Type:              Setup (Max at Slow Process Corner)
  Requirement:            4.000ns  (sys_clk rise@4.000ns - sys_clk rise@0.000ns)
  Data Path Delay:        3.469ns  (logic 3.070ns (88.502%)  route 0.399ns (11.498%))
  Logic Levels:           10  (DSP_A_B_DATA=1 DSP_ALU=2 DSP_M_DATA=2 DSP_MULTIPLIER=2 DSP_OUTPUT=1 DSP_PREADD_DATA=2)
  Clock Path Skew:        -0.124ns (DCD - SCD + CPR)
    Destination Clock Delay (DCD):    1.518ns = ( 5.518 - 4.000 ) 
    Source Clock Delay      (SCD):    1.949ns
    Clock Pessimism Removal (CPR):    0.307ns
  Clock Uncertainty:      0.035ns  ((TSJ^2 + TIJ^2)^1/2 + DJ) / 2 + PE
    Total System Jitter     (TSJ):    0.071ns
    Total Input Jitter      (TIJ):    0.000ns
    Discrete Jitter          (DJ):    0.000ns
    Phase Error              (PE):    0.000ns
  Clock Net Delay (Source):      1.095ns (routing 0.171ns, distribution 0.924ns)
  Clock Net Delay (Destination): 0.955ns (routing 0.155ns, distribution 0.800ns)

    Location             Delay type                Incr(ns)  Path(ns)    Netlist Resource(s)
  -------------------------------------------------------------------    -------------------
                         (clock sys_clk rise edge)    0.000     0.000 r  
    AL16                                              0.000     0.000 r  clk (IN)
                         net (fo=0)                   0.000     0.000    clk_IBUF_inst/I
    AL16                 INBUF (Prop_INBUF_HPIOB_M_PAD_O)
                                                      0.503     0.503 r  clk_IBUF_inst/INBUF_INST/O
                         net (fo=1, routed)           0.000     0.503    clk_IBUF_inst/OUT
    AL16                 IBUFCTRL (Prop_IBUFCTRL_HPIOB_M_I_O)
                                                      0.000     0.503 r  clk_IBUF_inst/IBUFCTRL_INST/O
                         net (fo=1, routed)           0.323     0.826    clk_IBUF
    BUFGCE_X0Y15         BUFGCE (Prop_BUFCE_BUFGCE_I_O)
                                                      0.028     0.854 r  clk_IBUF_BUFG_inst/O
    X4Y0 (CLOCK_ROOT)    net (fo=434, routed)         1.095     1.949    u_norm_wide/CLK
    DSP48E2_X15Y22       DSP_A_B_DATA                                 r  u_norm_wide/DSP_A_B_DATA_INST/CLK
  -------------------------------------------------------------------    -------------------
    DSP48E2_X15Y22       DSP_A_B_DATA (Prop_DSP_A_B_DATA_DSP48E2_CLK_B2_DATA[13])
                                                      0.212     2.161 r  u_norm_wide/DSP_A_B_DATA_INST/B2_DATA[13]
                         net (fo=1, routed)           0.000     2.161    u_norm_wide/DSP_A_B_DATA.B2_DATA<13>
    DSP48E2_X15Y22       DSP_PREADD_DATA (Prop_DSP_PREADD_DATA_DSP48E2_B2_DATA[13]_B2B1[13])
                                                      0.073     2.234 r  u_norm_wide/DSP_PREADD_DATA_INST/B2B1[13]
                         net (fo=1, routed)           0.000     2.234    u_norm_wide/DSP_PREADD_DATA.B2B1<13>
    DSP48E2_X15Y22       DSP_MULTIPLIER (Prop_DSP_MULTIPLIER_DSP48E2_B2B1[13]_V[13])
                                                      0.609     2.843 f  u_norm_wide/DSP_MULTIPLIER_INST/V[13]
                         net (fo=1, routed)           0.000     2.843    u_norm_wide/DSP_MULTIPLIER.V<13>
    DSP48E2_X15Y22       DSP_M_DATA (Prop_DSP_M_DATA_DSP48E2_V[13]_V_DATA[13])
                                                      0.046     2.889 r  u_norm_wide/DSP_M_DATA_INST/V_DATA[13]
                         net (fo=1, routed)           0.000     2.889    u_norm_wide/DSP_M_DATA.V_DATA<13>
    DSP48E2_X15Y22       DSP_ALU (Prop_DSP_ALU_DSP48E2_V_DATA[13]_ALU_OUT[13])
                                                      0.571     3.460 r  u_norm_wide/DSP_ALU_INST/ALU_OUT[13]
                         net (fo=1, routed)           0.000     3.460    u_norm_wide/DSP_ALU.ALU_OUT<13>
    DSP48E2_X15Y22       DSP_OUTPUT (Prop_DSP_OUTPUT_DSP48E2_ALU_OUT[13]_P[13])
                                                      0.109     3.569 f  u_norm_wide/DSP_OUTPUT_INST/P[13]
                         net (fo=6, routed)           0.399     3.968    q115_mul_return0/B[13]
    DSP48E2_X15Y24       DSP_A_B_DATA (Prop_DSP_A_B_DATA_DSP48E2_B[13]_B2_DATA[13])
                                                      0.151     4.119 r  q115_mul_return0/DSP_A_B_DATA_INST/B2_DATA[13]
                         net (fo=1, routed)           0.000     4.119    q115_mul_return0/DSP_A_B_DATA.B2_DATA<13>
    DSP48E2_X15Y24       DSP_PREADD_DATA (Prop_DSP_PREADD_DATA_DSP48E2_B2_DATA[13]_B2B1[13])
                                                      0.073     4.192 r  q115_mul_return0/DSP_PREADD_DATA_INST/B2B1[13]
                         net (fo=1, routed)           0.000     4.192    q115_mul_return0/DSP_PREADD_DATA.B2B1<13>
    DSP48E2_X15Y24       DSP_MULTIPLIER (Prop_DSP_MULTIPLIER_DSP48E2_B2B1[13]_V[12])
                                                      0.609     4.801 f  q115_mul_return0/DSP_MULTIPLIER_INST/V[12]
                         net (fo=1, routed)           0.000     4.801    q115_mul_return0/DSP_MULTIPLIER.V<12>
    DSP48E2_X15Y24       DSP_M_DATA (Prop_DSP_M_DATA_DSP48E2_V[12]_V_DATA[12])
                                                      0.046     4.847 r  q115_mul_return0/DSP_M_DATA_INST/V_DATA[12]
                         net (fo=1, routed)           0.000     4.847    q115_mul_return0/DSP_M_DATA.V_DATA<12>
    DSP48E2_X15Y24       DSP_ALU (Prop_DSP_ALU_DSP48E2_V_DATA[12]_ALU_OUT[12])
                                                      0.571     5.418 r  q115_mul_return0/DSP_ALU_INST/ALU_OUT[12]
                         net (fo=1, routed)           0.000     5.418    q115_mul_return0/DSP_ALU.ALU_OUT<12>
    DSP48E2_X15Y24       DSP_OUTPUT                                   r  q115_mul_return0/DSP_OUTPUT_INST/ALU_OUT[12]
  -------------------------------------------------------------------    -------------------

                         (clock sys_clk rise edge)    4.000     4.000 r  
    AL16                                              0.000     4.000 r  clk (IN)
                         net (fo=0)                   0.000     4.000    clk_IBUF_inst/I
    AL16                 INBUF (Prop_INBUF_HPIOB_M_PAD_O)
                                                      0.253     4.253 r  clk_IBUF_inst/INBUF_INST/O
                         net (fo=1, routed)           0.000     4.253    clk_IBUF_inst/OUT
    AL16                 IBUFCTRL (Prop_IBUFCTRL_HPIOB_M_I_O)
                                                      0.000     4.253 r  clk_IBUF_inst/IBUFCTRL_INST/O
                         net (fo=1, routed)           0.286     4.539    clk_IBUF
    BUFGCE_X0Y15         BUFGCE (Prop_BUFCE_BUFGCE_I_O)
                                                      0.024     4.563 r  clk_IBUF_BUFG_inst/O
    X4Y0 (CLOCK_ROOT)    net (fo=434, routed)         0.955     5.518    q115_mul_return0/CLK
    DSP48E2_X15Y24       DSP_OUTPUT                                   r  q115_mul_return0/DSP_OUTPUT_INST/CLK
                         clock pessimism              0.307     5.825    
                         clock uncertainty           -0.035     5.789    
    DSP48E2_X15Y24       DSP_OUTPUT (Setup_DSP_OUTPUT_DSP48E2_CLK_ALU_OUT[12])
                                                      0.015     5.804    q115_mul_return0/DSP_OUTPUT_INST
  -------------------------------------------------------------------
                         required time                          5.804    
                         arrival time                          -5.418    
  -------------------------------------------------------------------
                         slack                                  0.387    





Min Delay Paths
--------------------------------------------------------------------------------------
Slack (MET) :             0.034ns  (arrival time - required time)
  Source:                 s2_a_I_reg[5]/C
                            (rising edge-triggered cell FDRE clocked by sys_clk  {rise@0.000ns fall@2.000ns period=4.000ns})
  Destination:            s3_a_I_reg[5]/D
                            (rising edge-triggered cell FDRE clocked by sys_clk  {rise@0.000ns fall@2.000ns period=4.000ns})
  Path Group:             sys_clk
  Path Type:              Hold (Min at Slow Process Corner)
  Requirement:            0.000ns  (sys_clk rise@0.000ns - sys_clk rise@0.000ns)
  Data Path Delay:        0.131ns  (logic 0.060ns (45.802%)  route 0.071ns (54.198%))
  Logic Levels:           0  
  Clock Path Skew:        0.035ns (DCD - SCD - CPR)
    Destination Clock Delay (DCD):    1.894ns
    Source Clock Delay      (SCD):    1.461ns
    Clock Pessimism Removal (CPR):    0.398ns
  Clock Net Delay (Source):      0.898ns (routing 0.155ns, distribution 0.743ns)
  Clock Net Delay (Destination): 1.040ns (routing 0.171ns, distribution 0.869ns)

    Location             Delay type                Incr(ns)  Path(ns)    Netlist Resource(s)
  -------------------------------------------------------------------    -------------------
                         (clock sys_clk rise edge)    0.000     0.000 r  
    AL16                                              0.000     0.000 r  clk (IN)
                         net (fo=0)                   0.000     0.000    clk_IBUF_inst/I
    AL16                 INBUF (Prop_INBUF_HPIOB_M_PAD_O)
                                                      0.253     0.253 r  clk_IBUF_inst/INBUF_INST/O
                         net (fo=1, routed)           0.000     0.253    clk_IBUF_inst/OUT
    AL16                 IBUFCTRL (Prop_IBUFCTRL_HPIOB_M_I_O)
                                                      0.000     0.253 r  clk_IBUF_inst/IBUFCTRL_INST/O
                         net (fo=1, routed)           0.286     0.539    clk_IBUF
    BUFGCE_X0Y15         BUFGCE (Prop_BUFCE_BUFGCE_I_O)
                                                      0.024     0.563 r  clk_IBUF_BUFG_inst/O
    X4Y0 (CLOCK_ROOT)    net (fo=434, routed)         0.898     1.461    clk_IBUF_BUFG
    SLICE_X81Y55         FDRE                                         r  s2_a_I_reg[5]/C
  -------------------------------------------------------------------    -------------------
    SLICE_X81Y55         FDRE (Prop_FFF2_SLICEL_C_Q)
                                                      0.060     1.520 r  s2_a_I_reg[5]/Q
                         net (fo=1, routed)           0.071     1.591    s2_a_I[5]
    SLICE_X81Y52         FDRE                                         r  s3_a_I_reg[5]/D
  -------------------------------------------------------------------    -------------------

                         (clock sys_clk rise edge)    0.000     0.000 r  
    AL16                                              0.000     0.000 r  clk (IN)
                         net (fo=0)                   0.000     0.000    clk_IBUF_inst/I
    AL16                 INBUF (Prop_INBUF_HPIOB_M_PAD_O)
                                                      0.503     0.503 r  clk_IBUF_inst/INBUF_INST/O
                         net (fo=1, routed)           0.000     0.503    clk_IBUF_inst/OUT
    AL16                 IBUFCTRL (Prop_IBUFCTRL_HPIOB_M_I_O)
                                                      0.000     0.503 r  clk_IBUF_inst/IBUFCTRL_INST/O
                         net (fo=1, routed)           0.323     0.826    clk_IBUF
    BUFGCE_X0Y15         BUFGCE (Prop_BUFCE_BUFGCE_I_O)
                                                      0.028     0.854 r  clk_IBUF_BUFG_inst/O
    X4Y0 (CLOCK_ROOT)    net (fo=434, routed)         1.040     1.894    clk_IBUF_BUFG
    SLICE_X81Y52         FDRE                                         r  s3_a_I_reg[5]/C
                         clock pessimism             -0.398     1.495    
    SLICE_X81Y52         FDRE (Hold_GFF2_SLICEL_C_D)
                                                      0.062     1.557    s3_a_I_reg[5]
  -------------------------------------------------------------------
                         required time                         -1.557    
                         arrival time                           1.592    
  -------------------------------------------------------------------
                         slack                                  0.034    





Pulse Width Checks
--------------------------------------------------------------------------------------
Clock Name:         sys_clk
Waveform(ns):       { 0.000 2.000 }
Period(ns):         4.000
Sources:            { clk }

Check Type        Corner  Lib Pin      Reference Pin  Required(ns)  Actual(ns)  Slack(ns)  Location      Pin
Min Period        n/a     BUFGCE/I     n/a            1.290         4.000       2.710      BUFGCE_X0Y15  clk_IBUF_BUFG_inst/I
Low Pulse Width   Slow    SRLC32E/CLK  n/a            0.532         2.000       1.468      SLICE_X83Y54  env_delay/sr_reg[25][0]_srl27___valid_delay_sr_reg_r_21/CLK
High Pulse Width  Slow    SRLC32E/CLK  n/a            0.532         2.000       1.468      SLICE_X83Y54  env_delay/sr_reg[25][0]_srl27___valid_delay_sr_reg_r_21/CLK



