
****** Vivado v2022.2 (64-bit)
  **** SW Build 3671981 on Fri Oct 14 04:59:54 MDT 2022
  **** IP Build 3669848 on Fri Oct 14 08:30:02 MDT 2022
    ** Copyright 1986-2022 Xilinx, Inc. All Rights Reserved.

source scripts/synth_check.tcl
# set part xczu48dr-ffvg1517-2-e
# set top spline_eval
# read_verilog -sv [list \
#     rtl/spline_eval.sv \
#     rtl/spline_eval_top.sv \
# ]
# read_xdc scripts/timing.xdc
# synth_design -top $top -part $part
Command: synth_design -top spline_eval -part xczu48dr-ffvg1517-2-e
Starting synth_design
Attempting to get a license for feature 'Synthesis' and/or device 'xczu48dr'
INFO: [Common 17-349] Got license for feature 'Synthesis' and/or device 'xczu48dr'
INFO: [Common 17-1540] The version limit for your license is '2023.02' and has expired for new software. A version limit expiration means that, although you may be able to continue to use the current version of tools or IP with this license, you will not be eligible for new releases.
INFO: [Device 21-403] Loading part xczu48dr-ffvg1517-2-e
INFO: [Synth 8-7079] Multithreading enabled for synth_design using a maximum of 4 processes.
INFO: [Synth 8-7078] Launching helper process for spawning children vivado processes
INFO: [Synth 8-7075] Helper process launched with PID 68220
INFO: [Synth 8-11241] undeclared symbol 'REGCCE', assumed default net type 'wire' [/opt/Xilinx/Vivado/2022.2/data/verilog/src/unimacro/BRAM_SINGLE_MACRO.v:2170]
---------------------------------------------------------------------------------
Starting RTL Elaboration : Time (s): cpu = 00:00:01 ; elapsed = 00:00:01 . Memory (MB): peak = 3056.023 ; gain = 331.008 ; free physical = 109419 ; free virtual = 129446
Synthesis current peak Physical Memory [PSS] (MB): peak = 2611.372; parent = 2358.137; children = 253.235
Synthesis current peak Virtual Memory [VSS] (MB): peak = 4040.320; parent = 3058.996; children = 981.324
---------------------------------------------------------------------------------
INFO: [Synth 8-6157] synthesizing module 'spline_eval' [/home/garv/QubiCSpline/rtl/spline_eval.sv:97]
INFO: [Synth 8-6157] synthesizing module 'reg_delay1' [/home/garv/QubiCSpline/rtl/spline_eval_top.sv:16]
	Parameter DW bound to: 32 - type: integer 
	Parameter LEN bound to: 27 - type: integer 
INFO: [Synth 8-6155] done synthesizing module 'reg_delay1' (0#1) [/home/garv/QubiCSpline/rtl/spline_eval_top.sv:16]
INFO: [Synth 8-6157] synthesizing module 'reg_delay1__parameterized0' [/home/garv/QubiCSpline/rtl/spline_eval_top.sv:16]
	Parameter DW bound to: 1 - type: integer 
	Parameter LEN bound to: 27 - type: integer 
INFO: [Synth 8-6155] done synthesizing module 'reg_delay1__parameterized0' (0#1) [/home/garv/QubiCSpline/rtl/spline_eval_top.sv:16]
INFO: [Synth 8-6155] done synthesizing module 'spline_eval' (0#1) [/home/garv/QubiCSpline/rtl/spline_eval.sv:97]
WARNING: [Synth 8-6014] Unused sequential element width_addr_reg was removed.  [/home/garv/QubiCSpline/rtl/spline_eval.sv:215]
---------------------------------------------------------------------------------
Finished RTL Elaboration : Time (s): cpu = 00:00:02 ; elapsed = 00:00:02 . Memory (MB): peak = 3112.961 ; gain = 387.945 ; free physical = 109346 ; free virtual = 129375
Synthesis current peak Physical Memory [PSS] (MB): peak = 2611.372; parent = 2358.137; children = 253.235
Synthesis current peak Virtual Memory [VSS] (MB): peak = 4094.289; parent = 3112.965; children = 981.324
---------------------------------------------------------------------------------
---------------------------------------------------------------------------------
Start Handling Custom Attributes
---------------------------------------------------------------------------------
---------------------------------------------------------------------------------
Finished Handling Custom Attributes : Time (s): cpu = 00:00:02 ; elapsed = 00:00:02 . Memory (MB): peak = 3127.805 ; gain = 402.789 ; free physical = 109345 ; free virtual = 129373
Synthesis current peak Physical Memory [PSS] (MB): peak = 2611.372; parent = 2358.137; children = 253.235
Synthesis current peak Virtual Memory [VSS] (MB): peak = 4109.133; parent = 3127.809; children = 981.324
---------------------------------------------------------------------------------
---------------------------------------------------------------------------------
Finished RTL Optimization Phase 1 : Time (s): cpu = 00:00:02 ; elapsed = 00:00:02 . Memory (MB): peak = 3127.805 ; gain = 402.789 ; free physical = 109345 ; free virtual = 129373
Synthesis current peak Physical Memory [PSS] (MB): peak = 2611.372; parent = 2358.137; children = 253.235
Synthesis current peak Virtual Memory [VSS] (MB): peak = 4109.133; parent = 3127.809; children = 981.324
---------------------------------------------------------------------------------
Netlist sorting complete. Time (s): cpu = 00:00:00.01 ; elapsed = 00:00:00 . Memory (MB): peak = 3127.805 ; gain = 0.000 ; free physical = 109344 ; free virtual = 129372
INFO: [Project 1-570] Preparing netlist for logic optimization

Processing XDC Constraints
Initializing timing engine
Parsing XDC File [/home/garv/QubiCSpline/scripts/timing.xdc]
Finished Parsing XDC File [/home/garv/QubiCSpline/scripts/timing.xdc]
Completed Processing XDC Constraints

Netlist sorting complete. Time (s): cpu = 00:00:00 ; elapsed = 00:00:00 . Memory (MB): peak = 3341.117 ; gain = 0.000 ; free physical = 109355 ; free virtual = 129383
INFO: [Project 1-111] Unisim Transformation Summary:
No Unisim elements were transformed.

Constraint Validation Runtime : Time (s): cpu = 00:00:00.01 ; elapsed = 00:00:00 . Memory (MB): peak = 3341.117 ; gain = 0.000 ; free physical = 109355 ; free virtual = 129383
INFO: [Synth 8-11241] undeclared symbol 'REGCCE', assumed default net type 'wire' [/opt/Xilinx/Vivado/2022.2/data/verilog/src/unimacro/BRAM_SINGLE_MACRO.v:2170]
---------------------------------------------------------------------------------
Finished Constraint Validation : Time (s): cpu = 00:00:06 ; elapsed = 00:00:06 . Memory (MB): peak = 3341.117 ; gain = 616.102 ; free physical = 109376 ; free virtual = 129404
Synthesis current peak Physical Memory [PSS] (MB): peak = 2611.372; parent = 2358.137; children = 253.235
Synthesis current peak Virtual Memory [VSS] (MB): peak = 4261.391; parent = 3280.066; children = 981.324
---------------------------------------------------------------------------------
---------------------------------------------------------------------------------
Start Loading Part and Timing Information
---------------------------------------------------------------------------------
Loading part: xczu48dr-ffvg1517-2-e
INFO: [Synth 8-6742] Reading net delay rules and data
---------------------------------------------------------------------------------
Finished Loading Part and Timing Information : Time (s): cpu = 00:00:06 ; elapsed = 00:00:06 . Memory (MB): peak = 3341.117 ; gain = 616.102 ; free physical = 109376 ; free virtual = 129404
Synthesis current peak Physical Memory [PSS] (MB): peak = 2611.372; parent = 2358.137; children = 253.235
Synthesis current peak Virtual Memory [VSS] (MB): peak = 4261.391; parent = 3280.066; children = 981.324
---------------------------------------------------------------------------------
---------------------------------------------------------------------------------
Start Applying 'set_property' XDC Constraints
---------------------------------------------------------------------------------
---------------------------------------------------------------------------------
Finished applying 'set_property' XDC Constraints : Time (s): cpu = 00:00:06 ; elapsed = 00:00:06 . Memory (MB): peak = 3341.117 ; gain = 616.102 ; free physical = 109376 ; free virtual = 129404
Synthesis current peak Physical Memory [PSS] (MB): peak = 2611.372; parent = 2358.137; children = 253.235
Synthesis current peak Virtual Memory [VSS] (MB): peak = 4261.391; parent = 3280.066; children = 981.324
---------------------------------------------------------------------------------
---------------------------------------------------------------------------------
Finished RTL Optimization Phase 2 : Time (s): cpu = 00:00:06 ; elapsed = 00:00:07 . Memory (MB): peak = 3341.117 ; gain = 616.102 ; free physical = 109376 ; free virtual = 129405
Synthesis current peak Physical Memory [PSS] (MB): peak = 2611.372; parent = 2358.137; children = 253.235
Synthesis current peak Virtual Memory [VSS] (MB): peak = 4261.391; parent = 3280.066; children = 981.324
---------------------------------------------------------------------------------
---------------------------------------------------------------------------------
Start RTL Component Statistics 
---------------------------------------------------------------------------------
Detailed RTL Component Info : 
+---Adders : 
	   2 Input   17 Bit       Adders := 2     
	   2 Input   16 Bit       Adders := 8     
	   2 Input   12 Bit       Adders := 2     
	   3 Input   12 Bit       Adders := 1     
+---Registers : 
	              128 Bit    Registers := 1     
	               32 Bit    Registers := 28    
	               16 Bit    Registers := 26    
	               12 Bit    Registers := 2     
	                1 Bit    Registers := 34    
+---Muxes : 
	   2 Input   32 Bit        Muxes := 1     
	   2 Input   16 Bit        Muxes := 4     
	   2 Input    1 Bit        Muxes := 4     
---------------------------------------------------------------------------------
Finished RTL Component Statistics 
---------------------------------------------------------------------------------
---------------------------------------------------------------------------------
Start Part Resource Summary
---------------------------------------------------------------------------------
Part Resources:
DSPs: 4272 (col length:192)
BRAMs: 2160 (col length: RAMB18 192 RAMB36 96)
---------------------------------------------------------------------------------
Finished Part Resource Summary
---------------------------------------------------------------------------------
---------------------------------------------------------------------------------
Start Cross Boundary and Area Optimization
---------------------------------------------------------------------------------
WARNING: [Synth 8-7080] Parallel synthesis criteria is not met
DSP Report: Generating DSP u_norm_q115_reg_reg, operation Mode is: ((D'+(A:0x1))*B2)'.
DSP Report: register recip_h_reg is absorbed into DSP u_norm_q115_reg_reg.
DSP Report: register u_cnt_reg is absorbed into DSP u_norm_q115_reg_reg.
DSP Report: register u_norm_q115_reg_reg is absorbed into DSP u_norm_q115_reg_reg.
DSP Report: register u_cnt_reg is absorbed into DSP u_norm_q115_reg_reg.
DSP Report: operator u_norm_wide is absorbed into DSP u_norm_q115_reg_reg.
DSP Report: operator u_cnt0 is absorbed into DSP u_norm_q115_reg_reg.
DSP Report: Generating DSP q115_mul_return0, operation Mode is: A2*B.
DSP Report: register q115_mul_return0 is absorbed into DSP q115_mul_return0.
DSP Report: operator q115_mul_return0 is absorbed into DSP q115_mul_return0.
DSP Report: Generating DSP q115_mul_return0, operation Mode is: A*B2.
DSP Report: register s1_u_reg is absorbed into DSP q115_mul_return0.
DSP Report: operator q115_mul_return0 is absorbed into DSP q115_mul_return0.
DSP Report: Generating DSP q115_mul_return0, operation Mode is: A*B''.
DSP Report: register s1_u_reg is absorbed into DSP q115_mul_return0.
DSP Report: register s2_u_reg is absorbed into DSP q115_mul_return0.
DSP Report: operator q115_mul_return0 is absorbed into DSP q115_mul_return0.
DSP Report: Generating DSP q115_mul_return0, operation Mode is: A2*B.
DSP Report: register q115_mul_return0 is absorbed into DSP q115_mul_return0.
DSP Report: operator q115_mul_return0 is absorbed into DSP q115_mul_return0.
DSP Report: Generating DSP q115_mul_return0, operation Mode is: A*B2.
DSP Report: register s1_u_reg is absorbed into DSP q115_mul_return0.
DSP Report: operator q115_mul_return0 is absorbed into DSP q115_mul_return0.
DSP Report: Generating DSP q115_mul_return0, operation Mode is: A*B''.
DSP Report: register s1_u_reg is absorbed into DSP q115_mul_return0.
DSP Report: register s2_u_reg is absorbed into DSP q115_mul_return0.
DSP Report: operator q115_mul_return0 is absorbed into DSP q115_mul_return0.
---------------------------------------------------------------------------------
Finished Cross Boundary and Area Optimization : Time (s): cpu = 00:00:09 ; elapsed = 00:00:09 . Memory (MB): peak = 3341.117 ; gain = 616.102 ; free physical = 109393 ; free virtual = 129427
Synthesis current peak Physical Memory [PSS] (MB): peak = 2617.880; parent = 2364.676; children = 253.235
Synthesis current peak Virtual Memory [VSS] (MB): peak = 4261.391; parent = 3280.066; children = 981.324
---------------------------------------------------------------------------------
---------------------------------------------------------------------------------
Start ROM, RAM, DSP, Shift Register and Retiming Reporting
---------------------------------------------------------------------------------

DSP: Preliminary Mapping Report (see note below. The ' indicates corresponding REG is set)
+------------+--------------------+--------+--------+--------+--------+--------+------+------+------+------+-------+------+------+
|Module Name | DSP Mapping        | A Size | B Size | C Size | D Size | P Size | AREG | BREG | CREG | DREG | ADREG | MREG | PREG | 
+------------+--------------------+--------+--------+--------+--------+--------+------+------+------+------+-------+------+------+
|spline_eval | ((D'+(A:0x1))*B2)' | 1      | 16     | -      | 16     | 16     | 0    | 1    | -    | 1    | 1     | 1    | 0    | 
|spline_eval | A2*B               | 16     | 16     | -      | -      | 32     | 1    | 0    | -    | -    | -     | 0    | 0    | 
|spline_eval | A*B2               | 16     | 16     | -      | -      | 32     | 0    | 1    | -    | -    | -     | 0    | 0    | 
|spline_eval | A*B''              | 16     | 16     | -      | -      | 32     | 0    | 2    | -    | -    | -     | 0    | 0    | 
|spline_eval | A2*B               | 16     | 16     | -      | -      | 32     | 1    | 0    | -    | -    | -     | 0    | 0    | 
|spline_eval | A*B2               | 16     | 16     | -      | -      | 32     | 0    | 1    | -    | -    | -     | 0    | 0    | 
|spline_eval | A*B''              | 16     | 16     | -      | -      | 32     | 0    | 2    | -    | -    | -     | 0    | 0    | 
+------------+--------------------+--------+--------+--------+--------+--------+------+------+------+------+-------+------+------+

Note: The table above is a preliminary report that shows the DSPs inferred at the current stage of the synthesis flow. Some DSP may be reimplemented as non DSP primitives later in the synthesis flow. Multiple instantiated DSPs are reported only once.
---------------------------------------------------------------------------------
Finished ROM, RAM, DSP, Shift Register and Retiming Reporting
---------------------------------------------------------------------------------
---------------------------------------------------------------------------------
Start Applying XDC Timing Constraints
---------------------------------------------------------------------------------
---------------------------------------------------------------------------------
Finished Applying XDC Timing Constraints : Time (s): cpu = 00:00:13 ; elapsed = 00:00:14 . Memory (MB): peak = 3605.570 ; gain = 880.555 ; free physical = 109125 ; free virtual = 129158
Synthesis current peak Physical Memory [PSS] (MB): peak = 3120.927; parent = 2867.723; children = 253.235
Synthesis current peak Virtual Memory [VSS] (MB): peak = 4586.898; parent = 3605.574; children = 981.324
---------------------------------------------------------------------------------
---------------------------------------------------------------------------------
Start Timing Optimization
---------------------------------------------------------------------------------
---------------------------------------------------------------------------------
Finished Timing Optimization : Time (s): cpu = 00:00:14 ; elapsed = 00:00:15 . Memory (MB): peak = 3687.891 ; gain = 962.875 ; free physical = 109043 ; free virtual = 129076
Synthesis current peak Physical Memory [PSS] (MB): peak = 3134.501; parent = 2881.297; children = 253.235
Synthesis current peak Virtual Memory [VSS] (MB): peak = 4669.219; parent = 3687.895; children = 981.324
---------------------------------------------------------------------------------
---------------------------------------------------------------------------------
Start Technology Mapping
---------------------------------------------------------------------------------
---------------------------------------------------------------------------------
Finished Technology Mapping : Time (s): cpu = 00:00:14 ; elapsed = 00:00:15 . Memory (MB): peak = 3687.891 ; gain = 962.875 ; free physical = 109043 ; free virtual = 129076
Synthesis current peak Physical Memory [PSS] (MB): peak = 3134.501; parent = 2881.297; children = 253.235
Synthesis current peak Virtual Memory [VSS] (MB): peak = 4669.219; parent = 3687.895; children = 981.324
---------------------------------------------------------------------------------
---------------------------------------------------------------------------------
Start IO Insertion
---------------------------------------------------------------------------------
---------------------------------------------------------------------------------
Start Flattening Before IO Insertion
---------------------------------------------------------------------------------
---------------------------------------------------------------------------------
Finished Flattening Before IO Insertion
---------------------------------------------------------------------------------
---------------------------------------------------------------------------------
Start Final Netlist Cleanup
---------------------------------------------------------------------------------
---------------------------------------------------------------------------------
Finished Final Netlist Cleanup
---------------------------------------------------------------------------------
---------------------------------------------------------------------------------
Finished IO Insertion : Time (s): cpu = 00:00:15 ; elapsed = 00:00:16 . Memory (MB): peak = 3687.891 ; gain = 962.875 ; free physical = 109044 ; free virtual = 129077
Synthesis current peak Physical Memory [PSS] (MB): peak = 3134.501; parent = 2881.297; children = 253.235
Synthesis current peak Virtual Memory [VSS] (MB): peak = 4669.219; parent = 3687.895; children = 981.324
---------------------------------------------------------------------------------
---------------------------------------------------------------------------------
Start Renaming Generated Instances
---------------------------------------------------------------------------------
---------------------------------------------------------------------------------
Finished Renaming Generated Instances : Time (s): cpu = 00:00:15 ; elapsed = 00:00:16 . Memory (MB): peak = 3687.891 ; gain = 962.875 ; free physical = 109044 ; free virtual = 129077
Synthesis current peak Physical Memory [PSS] (MB): peak = 3134.501; parent = 2881.297; children = 253.235
Synthesis current peak Virtual Memory [VSS] (MB): peak = 4669.219; parent = 3687.895; children = 981.324
---------------------------------------------------------------------------------
---------------------------------------------------------------------------------
Start Rebuilding User Hierarchy
---------------------------------------------------------------------------------
---------------------------------------------------------------------------------
Finished Rebuilding User Hierarchy : Time (s): cpu = 00:00:15 ; elapsed = 00:00:16 . Memory (MB): peak = 3687.891 ; gain = 962.875 ; free physical = 109044 ; free virtual = 129077
Synthesis current peak Physical Memory [PSS] (MB): peak = 3134.501; parent = 2881.297; children = 253.235
Synthesis current peak Virtual Memory [VSS] (MB): peak = 4669.219; parent = 3687.895; children = 981.324
---------------------------------------------------------------------------------
---------------------------------------------------------------------------------
Start Renaming Generated Ports
---------------------------------------------------------------------------------
---------------------------------------------------------------------------------
Finished Renaming Generated Ports : Time (s): cpu = 00:00:15 ; elapsed = 00:00:16 . Memory (MB): peak = 3687.891 ; gain = 962.875 ; free physical = 109044 ; free virtual = 129077
Synthesis current peak Physical Memory [PSS] (MB): peak = 3134.501; parent = 2881.297; children = 253.235
Synthesis current peak Virtual Memory [VSS] (MB): peak = 4669.219; parent = 3687.895; children = 981.324
---------------------------------------------------------------------------------
---------------------------------------------------------------------------------
Start Handling Custom Attributes
---------------------------------------------------------------------------------
---------------------------------------------------------------------------------
Finished Handling Custom Attributes : Time (s): cpu = 00:00:15 ; elapsed = 00:00:16 . Memory (MB): peak = 3687.891 ; gain = 962.875 ; free physical = 109044 ; free virtual = 129078
Synthesis current peak Physical Memory [PSS] (MB): peak = 3134.501; parent = 2881.297; children = 253.235
Synthesis current peak Virtual Memory [VSS] (MB): peak = 4669.219; parent = 3687.895; children = 981.324
---------------------------------------------------------------------------------
---------------------------------------------------------------------------------
Start Renaming Generated Nets
---------------------------------------------------------------------------------
---------------------------------------------------------------------------------
Finished Renaming Generated Nets : Time (s): cpu = 00:00:15 ; elapsed = 00:00:16 . Memory (MB): peak = 3687.891 ; gain = 962.875 ; free physical = 109044 ; free virtual = 129078
Synthesis current peak Physical Memory [PSS] (MB): peak = 3134.501; parent = 2881.297; children = 253.235
Synthesis current peak Virtual Memory [VSS] (MB): peak = 4669.219; parent = 3687.895; children = 981.324
---------------------------------------------------------------------------------
---------------------------------------------------------------------------------
Start ROM, RAM, DSP, Shift Register and Retiming Reporting
---------------------------------------------------------------------------------

Static Shift Register Report:
+------------+---------------------------+--------+-------+--------------+--------------------+-------------------+--------+---------+
|Module Name | RTL Name                  | Length | Width | Reset Signal | Pull out first Reg | Pull out last Reg | SRL16E | SRLC32E | 
+------------+---------------------------+--------+-------+--------------+--------------------+-------------------+--------+---------+
|spline_eval | s3_a_Q_reg[15]            | 4      | 16    | YES          | NO                 | YES               | 16     | 0       | 
|spline_eval | s3_a_I_reg[15]            | 4      | 16    | YES          | NO                 | YES               | 16     | 0       | 
|spline_eval | env_delay/sr_reg[26][31]  | 28     | 32    | YES          | NO                 | YES               | 0      | 32      | 
|spline_eval | valid_delay/sr_reg[26][0] | 32     | 1     | YES          | NO                 | YES               | 0      | 1       | 
+------------+---------------------------+--------+-------+--------------+--------------------+-------------------+--------+---------+

---------------------------------------------------------------------------------
Finished ROM, RAM, DSP, Shift Register and Retiming Reporting
---------------------------------------------------------------------------------
---------------------------------------------------------------------------------
Start Writing Synthesis Report
---------------------------------------------------------------------------------

DSP Final Report (the ' indicates corresponding REG is set)
+------------+---------------+--------+--------+--------+--------+--------+------+------+------+------+-------+------+------+
|Module Name | DSP Mapping   | A Size | B Size | C Size | D Size | P Size | AREG | BREG | CREG | DREG | ADREG | MREG | PREG | 
+------------+---------------+--------+--------+--------+--------+--------+------+------+------+------+-------+------+------+
|spline_eval | ((D'+A)'*B')' | 1      | 16     | -      | 16     | 16     | 0    | 1    | -    | 1    | 1     | 1    | 0    | 
|spline_eval | (A'*B)'       | 30     | 18     | -      | -      | 32     | 1    | 0    | -    | -    | -     | 0    | 1    | 
|spline_eval | (A*B')'       | 30     | 18     | -      | -      | 32     | 0    | 1    | -    | -    | -     | 0    | 1    | 
|spline_eval | (A*B'')'      | 30     | 18     | -      | -      | 32     | 0    | 2    | -    | -    | -     | 0    | 1    | 
|spline_eval | (A'*B)'       | 30     | 18     | -      | -      | 32     | 1    | 0    | -    | -    | -     | 0    | 1    | 
|spline_eval | (A*B')'       | 30     | 18     | -      | -      | 32     | 0    | 1    | -    | -    | -     | 0    | 1    | 
|spline_eval | (A*B'')'      | 30     | 18     | -      | -      | 32     | 0    | 2    | -    | -    | -     | 0    | 1    | 
+------------+---------------+--------+--------+--------+--------+--------+------+------+------+------+-------+------+------+


Report BlackBoxes: 
+-+--------------+----------+
| |BlackBox name |Instances |
+-+--------------+----------+
+-+--------------+----------+

Report Cell Usage: 
+------+----------------+------+
|      |Cell            |Count |
+------+----------------+------+
|1     |BUFG            |     1|
|2     |CARRY8          |    26|
|3     |DSP_ALU         |     7|
|5     |DSP_A_B_DATA    |     7|
|8     |DSP_C_DATA      |     7|
|9     |DSP_MULTIPLIER  |     7|
|11    |DSP_M_DATA      |     7|
|13    |DSP_OUTPUT      |     7|
|15    |DSP_PREADD      |     7|
|16    |DSP_PREADD_DATA |     7|
|18    |LUT1            |     8|
|19    |LUT2            |   181|
|20    |LUT3            |    37|
|21    |LUT4            |     7|
|22    |LUT5            |     9|
|23    |LUT6            |    27|
|24    |SRL16E          |    32|
|25    |SRLC32E         |    33|
|26    |FDRE            |   379|
|27    |IBUF            |   187|
|28    |OBUF            |    58|
+------+----------------+------+
---------------------------------------------------------------------------------
Finished Writing Synthesis Report : Time (s): cpu = 00:00:15 ; elapsed = 00:00:16 . Memory (MB): peak = 3687.891 ; gain = 962.875 ; free physical = 109044 ; free virtual = 129078
Synthesis current peak Physical Memory [PSS] (MB): peak = 3134.501; parent = 2881.297; children = 253.235
Synthesis current peak Virtual Memory [VSS] (MB): peak = 4669.219; parent = 3687.895; children = 981.324
---------------------------------------------------------------------------------
Synthesis finished with 0 errors, 0 critical warnings and 1 warnings.
Synthesis Optimization Runtime : Time (s): cpu = 00:00:12 ; elapsed = 00:00:13 . Memory (MB): peak = 3687.891 ; gain = 749.562 ; free physical = 109044 ; free virtual = 129078
Synthesis Optimization Complete : Time (s): cpu = 00:00:15 ; elapsed = 00:00:16 . Memory (MB): peak = 3687.898 ; gain = 962.875 ; free physical = 109044 ; free virtual = 129078
INFO: [Project 1-571] Translating synthesized netlist
Netlist sorting complete. Time (s): cpu = 00:00:00 ; elapsed = 00:00:00 . Memory (MB): peak = 3687.898 ; gain = 0.000 ; free physical = 109157 ; free virtual = 129190
INFO: [Netlist 29-17] Analyzing 221 Unisim elements for replacement
INFO: [Netlist 29-28] Unisim Transformation completed in 0 CPU seconds
INFO: [Project 1-570] Preparing netlist for logic optimization
Parsing XDC File [/home/garv/QubiCSpline/scripts/timing.xdc]
Finished Parsing XDC File [/home/garv/QubiCSpline/scripts/timing.xdc]
INFO: [Opt 31-138] Pushed 0 inverter(s) to 0 load pin(s).
Netlist sorting complete. Time (s): cpu = 00:00:00 ; elapsed = 00:00:00 . Memory (MB): peak = 3749.609 ; gain = 0.000 ; free physical = 109138 ; free virtual = 129172
INFO: [Project 1-111] Unisim Transformation Summary:
  A total of 195 instances were transformed.
  BUFG => BUFGCE: 1 instance 
  DSP48E2 => DSP48E2 (DSP_ALU, DSP_A_B_DATA, DSP_C_DATA, DSP_MULTIPLIER, DSP_M_DATA, DSP_OUTPUT, DSP_PREADD, DSP_PREADD_DATA): 7 instances
  IBUF => IBUF (IBUFCTRL, INBUF): 187 instances

Synth Design complete, checksum: 1bdf614b
INFO: [Common 17-83] Releasing license: Synthesis
24 Infos, 2 Warnings, 0 Critical Warnings and 0 Errors encountered.
synth_design completed successfully
synth_design: Time (s): cpu = 00:00:22 ; elapsed = 00:00:22 . Memory (MB): peak = 3749.609 ; gain = 2033.805 ; free physical = 109154 ; free virtual = 129188
# opt_design
Command: opt_design
Attempting to get a license for feature 'Implementation' and/or device 'xczu48dr'
INFO: [Common 17-349] Got license for feature 'Implementation' and/or device 'xczu48dr'
INFO: [Common 17-1540] The version limit for your license is '2023.02' and has expired for new software. A version limit expiration means that, although you may be able to continue to use the current version of tools or IP with this license, you will not be eligible for new releases.
Running DRC as a precondition to command opt_design

Starting DRC Task
INFO: [DRC 23-27] Running DRC with 8 threads
INFO: [Project 1-461] DRC finished with 0 Errors
INFO: [Project 1-462] Please refer to the DRC report (report_drc) for more information.

Time (s): cpu = 00:00:00.84 ; elapsed = 00:00:00.49 . Memory (MB): peak = 3847.297 ; gain = 97.688 ; free physical = 109163 ; free virtual = 129197

Starting Cache Timing Information Task
INFO: [Timing 38-35] Done setting XDC timing constraints.
Ending Cache Timing Information Task | Checksum: 4cc45f27

Time (s): cpu = 00:00:00.37 ; elapsed = 00:00:00.16 . Memory (MB): peak = 3850.266 ; gain = 2.969 ; free physical = 109155 ; free virtual = 129189

Starting Logic Optimization Task

Phase 1 Retarget
INFO: [Opt 31-138] Pushed 0 inverter(s) to 0 load pin(s).
INFO: [Opt 31-49] Retargeted 0 cell(s).
Phase 1 Retarget | Checksum: 126b89169

Time (s): cpu = 00:00:00.07 ; elapsed = 00:00:00.02 . Memory (MB): peak = 3978.219 ; gain = 0.000 ; free physical = 109085 ; free virtual = 129118
INFO: [Opt 31-389] Phase Retarget created 0 cells and removed 0 cells

Phase 2 Constant propagation
INFO: [Opt 31-138] Pushed 0 inverter(s) to 0 load pin(s).
Phase 2 Constant propagation | Checksum: 126b89169

Time (s): cpu = 00:00:00.07 ; elapsed = 00:00:00.03 . Memory (MB): peak = 3978.219 ; gain = 0.000 ; free physical = 109085 ; free virtual = 129118
INFO: [Opt 31-389] Phase Constant propagation created 0 cells and removed 0 cells

Phase 3 Sweep
Phase 3 Sweep | Checksum: 8653395a

Time (s): cpu = 00:00:00.08 ; elapsed = 00:00:00.03 . Memory (MB): peak = 3978.219 ; gain = 0.000 ; free physical = 109085 ; free virtual = 129118
INFO: [Opt 31-389] Phase Sweep created 12 cells and removed 0 cells

Phase 4 BUFG optimization
INFO: [Opt 31-1077] Phase BUFG optimization inserted 0 global clock buffer(s) for CLOCK_LOW_FANOUT.
Phase 4 BUFG optimization | Checksum: 8653395a

Time (s): cpu = 00:00:00.18 ; elapsed = 00:00:00.07 . Memory (MB): peak = 4027.062 ; gain = 48.844 ; free physical = 109084 ; free virtual = 129117
INFO: [Opt 31-662] Phase BUFG optimization created 0 cells of which 0 are BUFGs and removed 0 cells.

Phase 5 Shift Register Optimization
INFO: [Opt 31-1064] SRL Remap converted 0 SRLs to 0 registers and converted 0 registers of register chains to 0 SRLs
Phase 5 Shift Register Optimization | Checksum: 8653395a

Time (s): cpu = 00:00:00.18 ; elapsed = 00:00:00.07 . Memory (MB): peak = 4027.062 ; gain = 48.844 ; free physical = 109084 ; free virtual = 129117
INFO: [Opt 31-389] Phase Shift Register Optimization created 0 cells and removed 0 cells

Phase 6 Post Processing Netlist
Phase 6 Post Processing Netlist | Checksum: 8653395a

Time (s): cpu = 00:00:00.19 ; elapsed = 00:00:00.07 . Memory (MB): peak = 4027.062 ; gain = 48.844 ; free physical = 109084 ; free virtual = 129117
INFO: [Opt 31-389] Phase Post Processing Netlist created 0 cells and removed 0 cells
Opt_design Change Summary
=========================


-------------------------------------------------------------------------------------------------------------------------
|  Phase                        |  #Cells created  |  #Cells Removed  |  #Constrained objects preventing optimizations  |
-------------------------------------------------------------------------------------------------------------------------
|  Retarget                     |               0  |               0  |                                              0  |
|  Constant propagation         |               0  |               0  |                                              0  |
|  Sweep                        |              12  |               0  |                                              0  |
|  BUFG optimization            |               0  |               0  |                                              0  |
|  Shift Register Optimization  |               0  |               0  |                                              0  |
|  Post Processing Netlist      |               0  |               0  |                                              0  |
-------------------------------------------------------------------------------------------------------------------------



Starting Connectivity Check Task

Time (s): cpu = 00:00:00 ; elapsed = 00:00:00 . Memory (MB): peak = 4027.062 ; gain = 0.000 ; free physical = 109084 ; free virtual = 129117
Ending Logic Optimization Task | Checksum: a937e904

Time (s): cpu = 00:00:00.2 ; elapsed = 00:00:00.09 . Memory (MB): peak = 4027.062 ; gain = 48.844 ; free physical = 109084 ; free virtual = 129117

Starting Power Optimization Task
INFO: [Pwropt 34-132] Skipping clock gating for clocks with a period < 2.00 ns.
Ending Power Optimization Task | Checksum: a937e904

Time (s): cpu = 00:00:00.01 ; elapsed = 00:00:00 . Memory (MB): peak = 4027.062 ; gain = 0.000 ; free physical = 109084 ; free virtual = 129117

Starting Final Cleanup Task
Ending Final Cleanup Task | Checksum: a937e904

Time (s): cpu = 00:00:00 ; elapsed = 00:00:00 . Memory (MB): peak = 4027.062 ; gain = 0.000 ; free physical = 109084 ; free virtual = 129117

Starting Netlist Obfuscation Task
Netlist sorting complete. Time (s): cpu = 00:00:00 ; elapsed = 00:00:00 . Memory (MB): peak = 4027.062 ; gain = 0.000 ; free physical = 109084 ; free virtual = 129117
Ending Netlist Obfuscation Task | Checksum: a937e904

Time (s): cpu = 00:00:00 ; elapsed = 00:00:00 . Memory (MB): peak = 4027.062 ; gain = 0.000 ; free physical = 109084 ; free virtual = 129117
INFO: [Common 17-83] Releasing license: Implementation
19 Infos, 0 Warnings, 0 Critical Warnings and 0 Errors encountered.
opt_design completed successfully
# place_design
Command: place_design
Attempting to get a license for feature 'Implementation' and/or device 'xczu48dr'
INFO: [Common 17-349] Got license for feature 'Implementation' and/or device 'xczu48dr'
INFO: [Common 17-1540] The version limit for your license is '2023.02' and has expired for new software. A version limit expiration means that, although you may be able to continue to use the current version of tools or IP with this license, you will not be eligible for new releases.
INFO: [DRC 23-27] Running DRC with 8 threads
INFO: [Vivado_Tcl 4-198] DRC finished with 0 Errors
INFO: [Vivado_Tcl 4-199] Please refer to the DRC report (report_drc) for more information.
Running DRC as a precondition to command place_design
INFO: [DRC 23-27] Running DRC with 8 threads
INFO: [Vivado_Tcl 4-198] DRC finished with 0 Errors
INFO: [Vivado_Tcl 4-199] Please refer to the DRC report (report_drc) for more information.

Starting Placer Task
INFO: [Place 30-611] Multithreading enabled for place_design using a maximum of 8 CPUs

Phase 1 Placer Initialization

Phase 1.1 Placer Initialization Netlist Sorting
Netlist sorting complete. Time (s): cpu = 00:00:00 ; elapsed = 00:00:00 . Memory (MB): peak = 4075.906 ; gain = 0.000 ; free physical = 109013 ; free virtual = 129047
Phase 1.1 Placer Initialization Netlist Sorting | Checksum: 52172135

Time (s): cpu = 00:00:00 ; elapsed = 00:00:00 . Memory (MB): peak = 4075.906 ; gain = 0.000 ; free physical = 109013 ; free virtual = 129047
Netlist sorting complete. Time (s): cpu = 00:00:00 ; elapsed = 00:00:00 . Memory (MB): peak = 4075.906 ; gain = 0.000 ; free physical = 109013 ; free virtual = 129047

Phase 1.2 IO Placement/ Clock Placement/ Build Placer Device
INFO: [Timing 38-35] Done setting XDC timing constraints.
Phase 1.2 IO Placement/ Clock Placement/ Build Placer Device | Checksum: 121f0bbbf

Time (s): cpu = 00:00:09 ; elapsed = 00:00:09 . Memory (MB): peak = 4671.469 ; gain = 595.562 ; free physical = 108605 ; free virtual = 128639

Phase 1.3 Build Placer Netlist Model
Phase 1.3 Build Placer Netlist Model | Checksum: 142c87d73

Time (s): cpu = 00:00:10 ; elapsed = 00:00:09 . Memory (MB): peak = 4739.551 ; gain = 663.645 ; free physical = 108488 ; free virtual = 128522

Phase 1.4 Constrain Clocks/Macros
Phase 1.4 Constrain Clocks/Macros | Checksum: 142c87d73

Time (s): cpu = 00:00:10 ; elapsed = 00:00:09 . Memory (MB): peak = 4739.551 ; gain = 663.645 ; free physical = 108488 ; free virtual = 128522
Phase 1 Placer Initialization | Checksum: 142c87d73

Time (s): cpu = 00:00:10 ; elapsed = 00:00:09 . Memory (MB): peak = 4739.551 ; gain = 663.645 ; free physical = 108488 ; free virtual = 128522

Phase 2 Global Placement

Phase 2.1 Floorplanning

Phase 2.1.1 Partition Driven Placement

Phase 2.1.1.1 PBP: Partition Driven Placement
Phase 2.1.1.1 PBP: Partition Driven Placement | Checksum: 16c8c079e

Time (s): cpu = 00:00:10 ; elapsed = 00:00:10 . Memory (MB): peak = 4751.762 ; gain = 675.855 ; free physical = 108484 ; free virtual = 128518

Phase 2.1.1.2 PBP: Clock Region Placement
Phase 2.1.1.2 PBP: Clock Region Placement | Checksum: 16c8c079e

Time (s): cpu = 00:00:11 ; elapsed = 00:00:10 . Memory (MB): peak = 4751.762 ; gain = 675.855 ; free physical = 108484 ; free virtual = 128518

Phase 2.1.1.3 PBP: Compute Congestion
Phase 2.1.1.3 PBP: Compute Congestion | Checksum: 16c8c079e

Time (s): cpu = 00:00:12 ; elapsed = 00:00:10 . Memory (MB): peak = 4766.500 ; gain = 690.594 ; free physical = 108282 ; free virtual = 128316

Phase 2.1.1.4 PBP: UpdateTiming
Phase 2.1.1.4 PBP: UpdateTiming | Checksum: 18cb24987

Time (s): cpu = 00:00:12 ; elapsed = 00:00:10 . Memory (MB): peak = 4825.555 ; gain = 749.648 ; free physical = 108282 ; free virtual = 128316

Phase 2.1.1.5 PBP: Add part constraints
Phase 2.1.1.5 PBP: Add part constraints | Checksum: 18cb24987

Time (s): cpu = 00:00:12 ; elapsed = 00:00:10 . Memory (MB): peak = 4825.555 ; gain = 749.648 ; free physical = 108282 ; free virtual = 128316
Phase 2.1.1 Partition Driven Placement | Checksum: 18cb24987

Time (s): cpu = 00:00:12 ; elapsed = 00:00:10 . Memory (MB): peak = 4825.555 ; gain = 749.648 ; free physical = 108284 ; free virtual = 128317
Phase 2.1 Floorplanning | Checksum: 18cb24987

Time (s): cpu = 00:00:12 ; elapsed = 00:00:10 . Memory (MB): peak = 4825.555 ; gain = 749.648 ; free physical = 108284 ; free virtual = 128317

Phase 2.2 Update Timing before SLR Path Opt
Phase 2.2 Update Timing before SLR Path Opt | Checksum: 18cb24987

Time (s): cpu = 00:00:12 ; elapsed = 00:00:10 . Memory (MB): peak = 4825.555 ; gain = 749.648 ; free physical = 108284 ; free virtual = 128317

Phase 2.3 Post-Processing in Floorplanning
Phase 2.3 Post-Processing in Floorplanning | Checksum: 18cb24987

Time (s): cpu = 00:00:12 ; elapsed = 00:00:10 . Memory (MB): peak = 4825.555 ; gain = 749.648 ; free physical = 108284 ; free virtual = 128317

Phase 2.4 Global Placement Core

Phase 2.4.1 UpdateTiming Before Physical Synthesis
Phase 2.4.1 UpdateTiming Before Physical Synthesis | Checksum: 17b41aebc

Time (s): cpu = 00:00:18 ; elapsed = 00:00:13 . Memory (MB): peak = 5004.336 ; gain = 928.430 ; free physical = 107464 ; free virtual = 127497

Phase 2.4.2 Physical Synthesis In Placer
INFO: [Physopt 32-1035] Found 0 LUTNM shape to break, 5 LUT instances to create LUTNM shape
INFO: [Physopt 32-1044] Break lutnm for timing: one critical 0, two critical 0, total 0, new lutff created 0
INFO: [Physopt 32-1138] End 1 Pass. Optimized 2 nets or LUTs. Breaked 0 LUT, combined 2 existing LUTs and moved 0 existing LUT
INFO: [Physopt 32-69] No nets found for rewiring optimization.
INFO: [Physopt 32-661] Optimized 0 net.  Re-placed 0 instance.
INFO: [Physopt 32-775] End 1 Pass. Optimized 0 net or cell. Created 0 new cell, deleted 0 existing cell and moved 0 existing cell
INFO: [Physopt 32-65] No nets found for high-fanout optimization.
INFO: [Physopt 32-232] Optimized 0 net. Created 0 new instance.
INFO: [Physopt 32-775] End 1 Pass. Optimized 0 net or cell. Created 0 new cell, deleted 0 existing cell and moved 0 existing cell
INFO: [Physopt 32-670] No setup violation found.  DSP Register Optimization was not performed.
INFO: [Physopt 32-670] No setup violation found.  Shift Register to Pipeline Optimization was not performed.
INFO: [Physopt 32-670] No setup violation found.  Shift Register Optimization was not performed.
INFO: [Physopt 32-670] No setup violation found.  BRAM Register Optimization was not performed.
INFO: [Physopt 32-670] No setup violation found.  URAM Register Optimization was not performed.
INFO: [Physopt 32-949] No candidate nets found for dynamic/static region interface net replication
INFO: [Physopt 32-775] End 1 Pass. Optimized 0 net or cell. Created 0 new cell, deleted 0 existing cell and moved 0 existing cell
Netlist sorting complete. Time (s): cpu = 00:00:00 ; elapsed = 00:00:00.01 . Memory (MB): peak = 5004.336 ; gain = 0.000 ; free physical = 107465 ; free virtual = 127499

Summary of Physical Synthesis Optimizations
============================================


-----------------------------------------------------------------------------------------------------------------------------------------------------------
|  Optimization                                     |  Added Cells  |  Removed Cells  |  Optimized Cells/Nets  |  Dont Touch  |  Iterations  |  Elapsed   |
-----------------------------------------------------------------------------------------------------------------------------------------------------------
|  LUT Combining                                    |            0  |              2  |                     2  |           0  |           1  |  00:00:00  |
|  Retime                                           |            0  |              0  |                     0  |           0  |           1  |  00:00:00  |
|  Equivalent Driver Rewiring                       |            0  |              0  |                     0  |           0  |           1  |  00:00:00  |
|  Very High Fanout                                 |            0  |              0  |                     0  |           0  |           1  |  00:00:00  |
|  DSP Register                                     |            0  |              0  |                     0  |           0  |           0  |  00:00:00  |
|  Shift Register to Pipeline                       |            0  |              0  |                     0  |           0  |           0  |  00:00:00  |
|  Shift Register                                   |            0  |              0  |                     0  |           0  |           0  |  00:00:00  |
|  BRAM Register                                    |            0  |              0  |                     0  |           0  |           0  |  00:00:00  |
|  URAM Register                                    |            0  |              0  |                     0  |           0  |           0  |  00:00:00  |
|  Dynamic/Static Region Interface Net Replication  |            0  |              0  |                     0  |           0  |           1  |  00:00:00  |
|  Total                                            |            0  |              2  |                     2  |           0  |           5  |  00:00:00  |
-----------------------------------------------------------------------------------------------------------------------------------------------------------


Phase 2.4.2 Physical Synthesis In Placer | Checksum: 26451b884

Time (s): cpu = 00:00:18 ; elapsed = 00:00:13 . Memory (MB): peak = 5004.336 ; gain = 928.430 ; free physical = 107465 ; free virtual = 127499
Phase 2.4 Global Placement Core | Checksum: 153f35d4f

Time (s): cpu = 00:00:20 ; elapsed = 00:00:14 . Memory (MB): peak = 5004.336 ; gain = 928.430 ; free physical = 107410 ; free virtual = 127443
Phase 2 Global Placement | Checksum: 153f35d4f

Time (s): cpu = 00:00:20 ; elapsed = 00:00:14 . Memory (MB): peak = 5004.336 ; gain = 928.430 ; free physical = 107415 ; free virtual = 127449

Phase 3 Detail Placement

Phase 3.1 Commit Multi Column Macros
Phase 3.1 Commit Multi Column Macros | Checksum: 1b18d3ce7

Time (s): cpu = 00:00:22 ; elapsed = 00:00:14 . Memory (MB): peak = 5004.336 ; gain = 928.430 ; free physical = 107713 ; free virtual = 127746

Phase 3.2 Commit Most Macros & LUTRAMs
Phase 3.2 Commit Most Macros & LUTRAMs | Checksum: 211bb5cde

Time (s): cpu = 00:00:22 ; elapsed = 00:00:15 . Memory (MB): peak = 5004.336 ; gain = 928.430 ; free physical = 107713 ; free virtual = 127746

Phase 3.3 Small Shape DP

Phase 3.3.1 Small Shape Clustering
Phase 3.3.1 Small Shape Clustering | Checksum: 19a184479

Time (s): cpu = 00:00:22 ; elapsed = 00:00:15 . Memory (MB): peak = 5004.336 ; gain = 928.430 ; free physical = 107567 ; free virtual = 127601

Phase 3.3.2 Flow Legalize Slice Clusters
Phase 3.3.2 Flow Legalize Slice Clusters | Checksum: 257189496

Time (s): cpu = 00:00:22 ; elapsed = 00:00:15 . Memory (MB): peak = 5004.336 ; gain = 928.430 ; free physical = 107567 ; free virtual = 127601

Phase 3.3.3 Slice Area Swap

Phase 3.3.3.1 Slice Area Swap Initial
Phase 3.3.3.1 Slice Area Swap Initial | Checksum: 25fa070a8

Time (s): cpu = 00:00:23 ; elapsed = 00:00:15 . Memory (MB): peak = 5004.336 ; gain = 928.430 ; free physical = 107567 ; free virtual = 127601
Phase 3.3.3 Slice Area Swap | Checksum: 25fa070a8

Time (s): cpu = 00:00:23 ; elapsed = 00:00:15 . Memory (MB): peak = 5004.336 ; gain = 928.430 ; free physical = 107540 ; free virtual = 127574
Phase 3.3 Small Shape DP | Checksum: 17edc70c6

Time (s): cpu = 00:00:23 ; elapsed = 00:00:15 . Memory (MB): peak = 5004.336 ; gain = 928.430 ; free physical = 107550 ; free virtual = 127584

Phase 3.4 Re-assign LUT pins
Phase 3.4 Re-assign LUT pins | Checksum: 23e6594a5

Time (s): cpu = 00:00:23 ; elapsed = 00:00:15 . Memory (MB): peak = 5004.336 ; gain = 928.430 ; free physical = 107550 ; free virtual = 127584

Phase 3.5 Pipeline Register Optimization
Phase 3.5 Pipeline Register Optimization | Checksum: 1d519f019

Time (s): cpu = 00:00:23 ; elapsed = 00:00:15 . Memory (MB): peak = 5004.336 ; gain = 928.430 ; free physical = 107550 ; free virtual = 127584
Phase 3 Detail Placement | Checksum: 1d519f019

Time (s): cpu = 00:00:23 ; elapsed = 00:00:15 . Memory (MB): peak = 5004.336 ; gain = 928.430 ; free physical = 107550 ; free virtual = 127584

Phase 4 Post Placement Optimization and Clean-Up

Phase 4.1 Post Commit Optimization
INFO: [Timing 38-35] Done setting XDC timing constraints.

Phase 4.1.1 Post Placement Optimization
Post Placement Optimization Initialization | Checksum: 1c9e1bf33

Phase 4.1.1.1 BUFG Insertion

Starting Physical Synthesis Task

Phase 1 Physical Synthesis Initialization
INFO: [Physopt 32-721] Multithreading enabled for phys_opt_design using a maximum of 8 CPUs
INFO: [Physopt 32-619] Estimated Timing Summary | WNS=1.119 | TNS=0.000 |
Phase 1 Physical Synthesis Initialization | Checksum: 15230c534

Time (s): cpu = 00:00:00.05 ; elapsed = 00:00:00.02 . Memory (MB): peak = 5004.336 ; gain = 0.000 ; free physical = 107710 ; free virtual = 127744
INFO: [Place 46-56] BUFG insertion identified 0 candidate nets. Inserted BUFG: 0, Replicated BUFG Driver: 0, Skipped due to Placement/Routing Conflicts: 0, Skipped due to Timing Degradation: 0, Skipped due to Illegal Netlist: 0.
Ending Physical Synthesis Task | Checksum: 146d97443

Time (s): cpu = 00:00:00.06 ; elapsed = 00:00:00.04 . Memory (MB): peak = 5004.336 ; gain = 0.000 ; free physical = 107710 ; free virtual = 127744
Phase 4.1.1.1 BUFG Insertion | Checksum: 1c9e1bf33

Time (s): cpu = 00:00:26 ; elapsed = 00:00:17 . Memory (MB): peak = 5004.336 ; gain = 928.430 ; free physical = 107710 ; free virtual = 127744

Phase 4.1.1.2 Post Placement Timing Optimization
INFO: [Place 30-746] Post Placement Timing Summary WNS=1.119. For the most accurate timing information please run report_timing.
Phase 4.1.1.2 Post Placement Timing Optimization | Checksum: 189079a38

Time (s): cpu = 00:00:26 ; elapsed = 00:00:17 . Memory (MB): peak = 5004.336 ; gain = 928.430 ; free physical = 107710 ; free virtual = 127744

Time (s): cpu = 00:00:26 ; elapsed = 00:00:17 . Memory (MB): peak = 5004.336 ; gain = 928.430 ; free physical = 107710 ; free virtual = 127744
Phase 4.1 Post Commit Optimization | Checksum: 189079a38

Time (s): cpu = 00:00:26 ; elapsed = 00:00:17 . Memory (MB): peak = 5004.336 ; gain = 928.430 ; free physical = 107710 ; free virtual = 127744
Netlist sorting complete. Time (s): cpu = 00:00:00 ; elapsed = 00:00:00 . Memory (MB): peak = 5027.680 ; gain = 0.000 ; free physical = 107488 ; free virtual = 127522

Phase 4.2 Post Placement Cleanup
Phase 4.2 Post Placement Cleanup | Checksum: 1c4d0a054

Time (s): cpu = 00:00:32 ; elapsed = 00:00:22 . Memory (MB): peak = 5027.680 ; gain = 951.773 ; free physical = 107506 ; free virtual = 127540

Phase 4.3 Placer Reporting

Phase 4.3.1 Print Estimated Congestion
INFO: [Place 30-612] Post-Placement Estimated Congestion 
 ________________________________________________________________________
|           | Global Congestion | Long Congestion   | Short Congestion  |
| Direction | Region Size       | Region Size       | Region Size       |
|___________|___________________|___________________|___________________|
|      North|                1x1|                1x1|                1x1|
|___________|___________________|___________________|___________________|
|      South|                1x1|                1x1|                1x1|
|___________|___________________|___________________|___________________|
|       East|                1x1|                1x1|                1x1|
|___________|___________________|___________________|___________________|
|       West|                1x1|                1x1|                1x1|
|___________|___________________|___________________|___________________|

Phase 4.3.1 Print Estimated Congestion | Checksum: 1c4d0a054

Time (s): cpu = 00:00:32 ; elapsed = 00:00:22 . Memory (MB): peak = 5027.680 ; gain = 951.773 ; free physical = 107506 ; free virtual = 127540
Phase 4.3 Placer Reporting | Checksum: 1c4d0a054

Time (s): cpu = 00:00:32 ; elapsed = 00:00:22 . Memory (MB): peak = 5027.680 ; gain = 951.773 ; free physical = 107506 ; free virtual = 127540

Phase 4.4 Final Placement Cleanup
Netlist sorting complete. Time (s): cpu = 00:00:00 ; elapsed = 00:00:00 . Memory (MB): peak = 5027.680 ; gain = 0.000 ; free physical = 107506 ; free virtual = 127540

Time (s): cpu = 00:00:32 ; elapsed = 00:00:22 . Memory (MB): peak = 5027.680 ; gain = 951.773 ; free physical = 107506 ; free virtual = 127540
Phase 4 Post Placement Optimization and Clean-Up | Checksum: 1e0509096

Time (s): cpu = 00:00:32 ; elapsed = 00:00:22 . Memory (MB): peak = 5027.680 ; gain = 951.773 ; free physical = 107506 ; free virtual = 127540
Ending Placer Task | Checksum: 14701a2d2

Time (s): cpu = 00:00:32 ; elapsed = 00:00:22 . Memory (MB): peak = 5027.680 ; gain = 951.773 ; free physical = 107506 ; free virtual = 127540
INFO: [Common 17-83] Releasing license: Implementation
33 Infos, 0 Warnings, 0 Critical Warnings and 0 Errors encountered.
place_design completed successfully
place_design: Time (s): cpu = 00:00:33 ; elapsed = 00:00:22 . Memory (MB): peak = 5027.680 ; gain = 1000.617 ; free physical = 107716 ; free virtual = 127750
# route_design
Command: route_design
Attempting to get a license for feature 'Implementation' and/or device 'xczu48dr'
INFO: [Common 17-349] Got license for feature 'Implementation' and/or device 'xczu48dr'
INFO: [Common 17-1540] The version limit for your license is '2023.02' and has expired for new software. A version limit expiration means that, although you may be able to continue to use the current version of tools or IP with this license, you will not be eligible for new releases.
Running DRC as a precondition to command route_design
INFO: [DRC 23-27] Running DRC with 8 threads
INFO: [Vivado_Tcl 4-198] DRC finished with 0 Errors
INFO: [Vivado_Tcl 4-199] Please refer to the DRC report (report_drc) for more information.


Starting Routing Task
INFO: [Route 35-254] Multithreading enabled for route_design using a maximum of 8 CPUs

Phase 1 Build RT Design
Checksum: PlaceDB: ced1c1ce ConstDB: 0 ShapeSum: 3c66dae8 RouteDB: 3bc9061c
Nodegraph reading from file.  Time (s): cpu = 00:00:00.47 ; elapsed = 00:00:00.51 . Memory (MB): peak = 5027.680 ; gain = 0.000 ; free physical = 107591 ; free virtual = 127625
Post Restoration Checksum: NetGraph: 4ba7969d NumContArr: 81c0950 Constraints: a6de7892 Timing: 0
Phase 1 Build RT Design | Checksum: faa2187f

Time (s): cpu = 00:00:04 ; elapsed = 00:00:04 . Memory (MB): peak = 5027.680 ; gain = 0.000 ; free physical = 107611 ; free virtual = 127645

Phase 2 Router Initialization

Phase 2.1 Fix Topology Constraints
Phase 2.1 Fix Topology Constraints | Checksum: faa2187f

Time (s): cpu = 00:00:04 ; elapsed = 00:00:04 . Memory (MB): peak = 5027.680 ; gain = 0.000 ; free physical = 107532 ; free virtual = 127566

Phase 2.2 Pre Route Cleanup
Phase 2.2 Pre Route Cleanup | Checksum: faa2187f

Time (s): cpu = 00:00:04 ; elapsed = 00:00:04 . Memory (MB): peak = 5027.680 ; gain = 0.000 ; free physical = 107532 ; free virtual = 127566

Phase 2.3 Global Clock Net Routing
 Number of Nodes with overlaps = 0
Phase 2.3 Global Clock Net Routing | Checksum: 193624270

Time (s): cpu = 00:00:06 ; elapsed = 00:00:05 . Memory (MB): peak = 5081.297 ; gain = 53.617 ; free physical = 107288 ; free virtual = 127322

Phase 2.4 Update Timing
Phase 2.4 Update Timing | Checksum: 22df2851b

Time (s): cpu = 00:00:06 ; elapsed = 00:00:05 . Memory (MB): peak = 5081.297 ; gain = 53.617 ; free physical = 107288 ; free virtual = 127322
INFO: [Route 35-416] Intermediate Timing Summary | WNS=1.165  | TNS=0.000  | WHS=0.006  | THS=0.000  |


Router Utilization Summary
  Global Vertical Routing Utilization    = 0 %
  Global Horizontal Routing Utilization  = 0 %
  Routable Net Status*
  *Does not include unroutable nets such as driverless and loadless.
  Run report_route_status for detailed report.
  Number of Failed Nets               = 903
    (Failed Nets is the sum of unrouted and partially routed nets)
  Number of Unrouted Nets             = 867
  Number of Partially Routed Nets     = 36
  Number of Node Overlaps             = 0

Phase 2 Router Initialization | Checksum: 28b8e39fc

Time (s): cpu = 00:00:07 ; elapsed = 00:00:05 . Memory (MB): peak = 5081.297 ; gain = 53.617 ; free physical = 107038 ; free virtual = 127072

Phase 3 Initial Routing

Phase 3.1 Global Routing
Phase 3.1 Global Routing | Checksum: 28b8e39fc

Time (s): cpu = 00:00:07 ; elapsed = 00:00:05 . Memory (MB): peak = 5081.297 ; gain = 53.617 ; free physical = 107038 ; free virtual = 127072
Phase 3 Initial Routing | Checksum: 2877c8b31

Time (s): cpu = 00:00:08 ; elapsed = 00:00:05 . Memory (MB): peak = 5081.297 ; gain = 53.617 ; free physical = 107034 ; free virtual = 127068

Phase 4 Rip-up And Reroute

Phase 4.1 Global Iteration 0
 Number of Nodes with overlaps = 33
 Number of Nodes with overlaps = 0
INFO: [Route 35-416] Intermediate Timing Summary | WNS=0.739  | TNS=0.000  | WHS=0.032  | THS=0.000  |

Phase 4.1 Global Iteration 0 | Checksum: 2f02c145e

Time (s): cpu = 00:00:09 ; elapsed = 00:00:06 . Memory (MB): peak = 5092.000 ; gain = 64.320 ; free physical = 107032 ; free virtual = 127066

Phase 4.2 Additional Iteration for Hold
Phase 4.2 Additional Iteration for Hold | Checksum: 2bf425f19

Time (s): cpu = 00:00:09 ; elapsed = 00:00:06 . Memory (MB): peak = 5092.000 ; gain = 64.320 ; free physical = 107032 ; free virtual = 127066
Phase 4 Rip-up And Reroute | Checksum: 2bf425f19

Time (s): cpu = 00:00:09 ; elapsed = 00:00:06 . Memory (MB): peak = 5092.000 ; gain = 64.320 ; free physical = 107032 ; free virtual = 127066

Phase 5 Delay and Skew Optimization

Phase 5.1 Delay CleanUp
Phase 5.1 Delay CleanUp | Checksum: 2bf425f19

Time (s): cpu = 00:00:09 ; elapsed = 00:00:06 . Memory (MB): peak = 5092.000 ; gain = 64.320 ; free physical = 107041 ; free virtual = 127075

Phase 5.2 Clock Skew Optimization
Phase 5.2 Clock Skew Optimization | Checksum: 2bf425f19

Time (s): cpu = 00:00:09 ; elapsed = 00:00:06 . Memory (MB): peak = 5092.000 ; gain = 64.320 ; free physical = 107041 ; free virtual = 127075
Phase 5 Delay and Skew Optimization | Checksum: 2bf425f19

Time (s): cpu = 00:00:09 ; elapsed = 00:00:06 . Memory (MB): peak = 5092.000 ; gain = 64.320 ; free physical = 107041 ; free virtual = 127075

Phase 6 Post Hold Fix

Phase 6.1 Hold Fix Iter

Phase 6.1.1 Update Timing
Phase 6.1.1 Update Timing | Checksum: 217cedf16

Time (s): cpu = 00:00:09 ; elapsed = 00:00:06 . Memory (MB): peak = 5092.000 ; gain = 64.320 ; free physical = 107041 ; free virtual = 127075
INFO: [Route 35-416] Intermediate Timing Summary | WNS=0.739  | TNS=0.000  | WHS=0.032  | THS=0.000  |

Phase 6.1 Hold Fix Iter | Checksum: 217cedf16

Time (s): cpu = 00:00:09 ; elapsed = 00:00:06 . Memory (MB): peak = 5092.000 ; gain = 64.320 ; free physical = 107041 ; free virtual = 127075
Phase 6 Post Hold Fix | Checksum: 217cedf16

Time (s): cpu = 00:00:09 ; elapsed = 00:00:06 . Memory (MB): peak = 5092.000 ; gain = 64.320 ; free physical = 107041 ; free virtual = 127075

Phase 7 Route finalize

Router Utilization Summary
  Global Vertical Routing Utilization    = 0.283404 %
  Global Horizontal Routing Utilization  = 0.0264083 %
  Routable Net Status*
  *Does not include unroutable nets such as driverless and loadless.
  Run report_route_status for detailed report.
  Number of Failed Nets               = 0
    (Failed Nets is the sum of unrouted and partially routed nets)
  Number of Unrouted Nets             = 0
  Number of Partially Routed Nets     = 0
  Number of Node Overlaps             = 0

Phase 7 Route finalize | Checksum: 225ddd8de

Time (s): cpu = 00:00:09 ; elapsed = 00:00:06 . Memory (MB): peak = 5092.000 ; gain = 64.320 ; free physical = 107041 ; free virtual = 127075

Phase 8 Verifying routed nets

 Verification completed successfully
Phase 8 Verifying routed nets | Checksum: 225ddd8de

Time (s): cpu = 00:00:09 ; elapsed = 00:00:06 . Memory (MB): peak = 5092.000 ; gain = 64.320 ; free physical = 107041 ; free virtual = 127075

Phase 9 Depositing Routes
Phase 9 Depositing Routes | Checksum: 225ddd8de

Time (s): cpu = 00:00:09 ; elapsed = 00:00:06 . Memory (MB): peak = 5092.000 ; gain = 64.320 ; free physical = 107041 ; free virtual = 127075

Phase 10 Resolve XTalk
Phase 10 Resolve XTalk | Checksum: 225ddd8de

Time (s): cpu = 00:00:09 ; elapsed = 00:00:06 . Memory (MB): peak = 5092.000 ; gain = 64.320 ; free physical = 107041 ; free virtual = 127075

Phase 11 Post Router Timing
INFO: [Route 35-57] Estimated Timing Summary | WNS=0.739  | TNS=0.000  | WHS=0.032  | THS=0.000  |

INFO: [Route 35-327] The final timing numbers are based on the router estimated timing analysis. For a complete and accurate timing signoff, please run report_timing_summary.
Phase 11 Post Router Timing | Checksum: 225ddd8de

Time (s): cpu = 00:00:09 ; elapsed = 00:00:06 . Memory (MB): peak = 5092.000 ; gain = 64.320 ; free physical = 107041 ; free virtual = 127075
INFO: [Route 35-16] Router Completed Successfully

Time (s): cpu = 00:00:09 ; elapsed = 00:00:06 . Memory (MB): peak = 5092.000 ; gain = 64.320 ; free physical = 107160 ; free virtual = 127193

Routing Is Done.
INFO: [Common 17-83] Releasing license: Implementation
13 Infos, 0 Warnings, 0 Critical Warnings and 0 Errors encountered.
route_design completed successfully
route_design: Time (s): cpu = 00:00:10 ; elapsed = 00:00:06 . Memory (MB): peak = 5092.000 ; gain = 64.320 ; free physical = 107160 ; free virtual = 127193
# report_timing_summary -file vivado_reports/timing_summary.rpt
INFO: [Timing 38-91] UpdateTimingParams: Speed grade: -2, Temperature grade: E, Delay Type: min_max.
INFO: [Timing 38-191] Multithreading enabled for timing update using a maximum of 8 CPUs
# report_timing -nworst 20 -file vivado_reports/timing_worst.rpt
INFO: [Timing 38-91] UpdateTimingParams: Speed grade: -2, Temperature grade: E, Delay Type: max.
INFO: [Timing 38-191] Multithreading enabled for timing update using a maximum of 8 CPUs
INFO: [Timing 38-78] ReportTimingParams: -max_paths 1 -nworst 20 -delay_type max -sort_by slack.
# report_utilization -file vivado_reports/utilization.rpt
# report_drc -file vivado_reports/drc.rpt
Command: report_drc -file vivado_reports/drc.rpt
INFO: [IP_Flow 19-234] Refreshing IP repositories
INFO: [IP_Flow 19-1704] No user IP repositories specified
INFO: [IP_Flow 19-2313] Loaded Vivado IP repository '/opt/Xilinx/Vivado/2022.2/data/ip'.
INFO: [DRC 23-27] Running DRC with 8 threads
INFO: [Vivado_Tcl 2-168] The results of DRC are in file /home/garv/QubiCSpline/vivado_reports/drc.rpt.
report_drc completed successfully
# report_clocks -file vivado_reports/clocks.rpt
INFO: [Common 17-206] Exiting Vivado at Wed May 27 12:02:02 2026...
