Copyright 1986-2022 Xilinx, Inc. All Rights Reserved.
-----------------------------------------------------------------------------------------
| Tool Version      : Vivado v.2022.2 (lin64) Build 3671981 Fri Oct 14 04:59:54 MDT 2022
| Date              : Wed May 27 12:02:01 2026
| Host              : 71-176A running 64-bit Ubuntu 24.04.4 LTS
| Command           : report_timing_summary -file vivado_reports/timing_summary.rpt
| Design            : spline_eval
| Device            : xczu48dr-ffvg1517
| Speed File        : -2  PRODUCTION 1.32 01-31-2021
| Temperature Grade : E
-----------------------------------------------------------------------------------------

Timing Summary Report

------------------------------------------------------------------------------------------------
| Timer Settings
| --------------
------------------------------------------------------------------------------------------------

  Enable Multi Corner Analysis               :  Yes
  Enable Pessimism Removal                   :  Yes
  Pessimism Removal Resolution               :  Nearest Common Node
  Enable Input Delay Default Clock           :  No
  Enable Preset / Clear Arcs                 :  No
  Disable Flight Delays                      :  No
  Ignore I/O Paths                           :  No
  Timing Early Launch at Borrowing Latches   :  No
  Borrow Time for Max Delay Exceptions       :  Yes
  Merge Timing Exceptions                    :  Yes

  Corner  Analyze    Analyze    
  Name    Max Paths  Min Paths  
  ------  ---------  ---------  
  Slow    Yes        Yes        
  Fast    Yes        Yes        


------------------------------------------------------------------------------------------------
| Report Methodology
| ------------------
------------------------------------------------------------------------------------------------

No report available as report_methodology has not been run prior. Run report_methodology on the current design for the summary of methodology violations.



check_timing report

Table of Contents
-----------------
1. checking no_clock (0)
2. checking constant_clock (0)
3. checking pulse_width_clock (0)
4. checking unconstrained_internal_endpoints (0)
5. checking no_input_delay (186)
6. checking no_output_delay (58)
7. checking multiple_clock (0)
8. checking generated_clocks (0)
9. checking loops (0)
10. checking partial_input_delay (0)
11. checking partial_output_delay (0)
12. checking latch_loops (0)

1. checking no_clock (0)
------------------------
 There are 0 register/latch pins with no clock.


2. checking constant_clock (0)
------------------------------
 There are 0 register/latch pins with constant_clock.


3. checking pulse_width_clock (0)
---------------------------------
 There are 0 register/latch pins which need pulse_width check


4. checking unconstrained_internal_endpoints (0)
------------------------------------------------
 There are 0 pins that are not constrained for maximum delay.

 There are 0 pins that are not constrained for maximum delay due to constant clock.


5. checking no_input_delay (186)
--------------------------------
 There are 186 input ports with no input delay specified. (HIGH)

 There are 0 input ports with no input delay but user has a false path constraint.


6. checking no_output_delay (58)
--------------------------------
 There are 58 ports with no output delay specified. (HIGH)

 There are 0 ports with no output delay but user has a false path constraint

 There are 0 ports with no output delay but with a timing clock defined on it or propagating through it


7. checking multiple_clock (0)
------------------------------
 There are 0 register/latch pins with multiple clocks.


8. checking generated_clocks (0)
--------------------------------
 There are 0 generated clocks that are not connected to a clock source.


9. checking loops (0)
---------------------
 There are 0 combinational loops in the design.


10. checking partial_input_delay (0)
------------------------------------
 There are 0 input ports with partial input delay specified.


11. checking partial_output_delay (0)
-------------------------------------
 There are 0 ports with partial output delay specified.


12. checking latch_loops (0)
----------------------------
 There are 0 combinational latch loops in the design through latch input



------------------------------------------------------------------------------------------------
| Design Timing Summary
| ---------------------
------------------------------------------------------------------------------------------------

    WNS(ns)      TNS(ns)  TNS Failing Endpoints  TNS Total Endpoints      WHS(ns)      THS(ns)  THS Failing Endpoints  THS Total Endpoints     WPWS(ns)     TPWS(ns)  TPWS Failing Endpoints  TPWS Total Endpoints  
    -------      -------  ---------------------  -------------------      -------      -------  ---------------------  -------------------     --------     --------  ----------------------  --------------------  
      0.739        0.000                      0                  895        0.032        0.000                      0                  895        1.468        0.000                       0                   465  


All user specified timing constraints are met.


------------------------------------------------------------------------------------------------
| Clock Summary
| -------------
------------------------------------------------------------------------------------------------

Clock    Waveform(ns)         Period(ns)      Frequency(MHz)
-----    ------------         ----------      --------------
sys_clk  {0.000 2.000}        4.000           250.000         


------------------------------------------------------------------------------------------------
| Intra Clock Table
| -----------------
------------------------------------------------------------------------------------------------

Clock             WNS(ns)      TNS(ns)  TNS Failing Endpoints  TNS Total Endpoints      WHS(ns)      THS(ns)  THS Failing Endpoints  THS Total Endpoints     WPWS(ns)     TPWS(ns)  TPWS Failing Endpoints  TPWS Total Endpoints  
-----             -------      -------  ---------------------  -------------------      -------      -------  ---------------------  -------------------     --------     --------  ----------------------  --------------------  
sys_clk             0.739        0.000                      0                  895        0.032        0.000                      0                  895        1.468        0.000                       0                   465  


------------------------------------------------------------------------------------------------
| Inter Clock Table
| -----------------
------------------------------------------------------------------------------------------------

From Clock    To Clock          WNS(ns)      TNS(ns)  TNS Failing Endpoints  TNS Total Endpoints      WHS(ns)      THS(ns)  THS Failing Endpoints  THS Total Endpoints  
----------    --------          -------      -------  ---------------------  -------------------      -------      -------  ---------------------  -------------------  


------------------------------------------------------------------------------------------------
| Other Path Groups Table
| -----------------------
------------------------------------------------------------------------------------------------

Path Group    From Clock    To Clock          WNS(ns)      TNS(ns)  TNS Failing Endpoints  TNS Total Endpoints      WHS(ns)      THS(ns)  THS Failing Endpoints  THS Total Endpoints  
----------    ----------    --------          -------      -------  ---------------------  -------------------      -------      -------  ---------------------  -------------------  


------------------------------------------------------------------------------------------------
| Timing Details
| --------------
------------------------------------------------------------------------------------------------


---------------------------------------------------------------------------------------------------
From Clock:  sys_clk
  To Clock:  sys_clk

Setup :            0  Failing Endpoints,  Worst Slack        0.739ns,  Total Violation        0.000ns
Hold  :            0  Failing Endpoints,  Worst Slack        0.032ns,  Total Violation        0.000ns
PW    :            0  Failing Endpoints,  Worst Slack        1.468ns,  Total Violation        0.000ns
---------------------------------------------------------------------------------------------------


Max Delay Paths
--------------------------------------------------------------------------------------
Slack (MET) :             0.739ns  (required time - arrival time)
  Source:                 u_norm_q115_reg_reg/DSP_M_DATA_INST/CLK
                            (rising edge-triggered cell DSP_M_DATA clocked by sys_clk  {rise@0.000ns fall@2.000ns period=4.000ns})
  Destination:            q115_mul_return0/DSP_OUTPUT_INST/ALU_OUT[10]
                            (rising edge-triggered cell DSP_OUTPUT clocked by sys_clk  {rise@0.000ns fall@2.000ns period=4.000ns})
  Path Group:             sys_clk
  Path Type:              Setup (Max at Slow Process Corner)
  Requirement:            4.000ns  (sys_clk rise@4.000ns - sys_clk rise@0.000ns)
  Data Path Delay:        3.164ns  (logic 2.407ns (76.075%)  route 0.757ns (23.925%))
  Logic Levels:           7  (DSP_A_B_DATA=1 DSP_ALU=2 DSP_M_DATA=1 DSP_MULTIPLIER=1 DSP_OUTPUT=1 DSP_PREADD_DATA=1)
  Clock Path Skew:        -0.077ns (DCD - SCD + CPR)
    Destination Clock Delay (DCD):    1.474ns = ( 5.474 - 4.000 ) 
    Source Clock Delay      (SCD):    1.949ns
    Clock Pessimism Removal (CPR):    0.398ns
  Clock Uncertainty:      0.035ns  ((TSJ^2 + TIJ^2)^1/2 + DJ) / 2 + PE
    Total System Jitter     (TSJ):    0.071ns
    Total Input Jitter      (TIJ):    0.000ns
    Discrete Jitter          (DJ):    0.000ns
    Phase Error              (PE):    0.000ns
  Clock Net Delay (Source):      1.095ns (routing 0.171ns, distribution 0.924ns)
  Clock Net Delay (Destination): 0.911ns (routing 0.155ns, distribution 0.756ns)

    Location             Delay type                Incr(ns)  Path(ns)    Netlist Resource(s)
  -------------------------------------------------------------------    -------------------
                         (clock sys_clk rise edge)    0.000     0.000 r  
    AL16                                              0.000     0.000 r  clk (IN)
                         net (fo=0)                   0.000     0.000    clk_IBUF_inst/I
    AL16                 INBUF (Prop_INBUF_HPIOB_M_PAD_O)
                                                      0.503     0.503 r  clk_IBUF_inst/INBUF_INST/O
                         net (fo=1, routed)           0.000     0.503    clk_IBUF_inst/OUT
    AL16                 IBUFCTRL (Prop_IBUFCTRL_HPIOB_M_I_O)
                                                      0.000     0.503 r  clk_IBUF_inst/IBUFCTRL_INST/O
                         net (fo=1, routed)           0.323     0.826    clk_IBUF
    BUFGCE_X0Y15         BUFGCE (Prop_BUFCE_BUFGCE_I_O)
                                                      0.028     0.854 r  clk_IBUF_BUFG_inst/O
    X4Y0 (CLOCK_ROOT)    net (fo=498, routed)         1.095     1.949    u_norm_q115_reg_reg/CLK
    DSP48E2_X15Y22       DSP_M_DATA                                   r  u_norm_q115_reg_reg/DSP_M_DATA_INST/CLK
  -------------------------------------------------------------------    -------------------
    DSP48E2_X15Y22       DSP_M_DATA (Prop_DSP_M_DATA_DSP48E2_CLK_V_DATA[4])
                                                      0.277     2.226 r  u_norm_q115_reg_reg/DSP_M_DATA_INST/V_DATA[4]
                         net (fo=1, routed)           0.000     2.226    u_norm_q115_reg_reg/DSP_M_DATA.V_DATA<4>
    DSP48E2_X15Y22       DSP_ALU (Prop_DSP_ALU_DSP48E2_V_DATA[4]_ALU_OUT[4])
                                                      0.571     2.797 r  u_norm_q115_reg_reg/DSP_ALU_INST/ALU_OUT[4]
                         net (fo=1, routed)           0.000     2.797    u_norm_q115_reg_reg/DSP_ALU.ALU_OUT<4>
    DSP48E2_X15Y22       DSP_OUTPUT (Prop_DSP_OUTPUT_DSP48E2_ALU_OUT[4]_P[4])
                                                      0.109     2.906 f  u_norm_q115_reg_reg/DSP_OUTPUT_INST/P[4]
                         net (fo=6, routed)           0.757     3.663    q115_mul_return0/B[4]
    DSP48E2_X15Y19       DSP_A_B_DATA (Prop_DSP_A_B_DATA_DSP48E2_B[4]_B2_DATA[4])
                                                      0.151     3.814 r  q115_mul_return0/DSP_A_B_DATA_INST/B2_DATA[4]
                         net (fo=1, routed)           0.000     3.814    q115_mul_return0/DSP_A_B_DATA.B2_DATA<4>
    DSP48E2_X15Y19       DSP_PREADD_DATA (Prop_DSP_PREADD_DATA_DSP48E2_B2_DATA[4]_B2B1[4])
                                                      0.073     3.887 r  q115_mul_return0/DSP_PREADD_DATA_INST/B2B1[4]
                         net (fo=1, routed)           0.000     3.887    q115_mul_return0/DSP_PREADD_DATA.B2B1<4>
    DSP48E2_X15Y19       DSP_MULTIPLIER (Prop_DSP_MULTIPLIER_DSP48E2_B2B1[4]_V[10])
                                                      0.609     4.496 f  q115_mul_return0/DSP_MULTIPLIER_INST/V[10]
                         net (fo=1, routed)           0.000     4.496    q115_mul_return0/DSP_MULTIPLIER.V<10>
    DSP48E2_X15Y19       DSP_M_DATA (Prop_DSP_M_DATA_DSP48E2_V[10]_V_DATA[10])
                                                      0.046     4.542 r  q115_mul_return0/DSP_M_DATA_INST/V_DATA[10]
                         net (fo=1, routed)           0.000     4.542    q115_mul_return0/DSP_M_DATA.V_DATA<10>
    DSP48E2_X15Y19       DSP_ALU (Prop_DSP_ALU_DSP48E2_V_DATA[10]_ALU_OUT[10])
                                                      0.571     5.113 r  q115_mul_return0/DSP_ALU_INST/ALU_OUT[10]
                         net (fo=1, routed)           0.000     5.113    q115_mul_return0/DSP_ALU.ALU_OUT<10>
    DSP48E2_X15Y19       DSP_OUTPUT                                   r  q115_mul_return0/DSP_OUTPUT_INST/ALU_OUT[10]
  -------------------------------------------------------------------    -------------------

                         (clock sys_clk rise edge)    4.000     4.000 r  
    AL16                                              0.000     4.000 r  clk (IN)
                         net (fo=0)                   0.000     4.000    clk_IBUF_inst/I
    AL16                 INBUF (Prop_INBUF_HPIOB_M_PAD_O)
                                                      0.253     4.253 r  clk_IBUF_inst/INBUF_INST/O
                         net (fo=1, routed)           0.000     4.253    clk_IBUF_inst/OUT
    AL16                 IBUFCTRL (Prop_IBUFCTRL_HPIOB_M_I_O)
                                                      0.000     4.253 r  clk_IBUF_inst/IBUFCTRL_INST/O
                         net (fo=1, routed)           0.286     4.539    clk_IBUF
    BUFGCE_X0Y15         BUFGCE (Prop_BUFCE_BUFGCE_I_O)
                                                      0.024     4.563 r  clk_IBUF_BUFG_inst/O
    X4Y0 (CLOCK_ROOT)    net (fo=498, routed)         0.911     5.474    q115_mul_return0/CLK
    DSP48E2_X15Y19       DSP_OUTPUT                                   r  q115_mul_return0/DSP_OUTPUT_INST/CLK
                         clock pessimism              0.398     5.872    
                         clock uncertainty           -0.035     5.837    
    DSP48E2_X15Y19       DSP_OUTPUT (Setup_DSP_OUTPUT_DSP48E2_CLK_ALU_OUT[10])
                                                      0.015     5.852    q115_mul_return0/DSP_OUTPUT_INST
  -------------------------------------------------------------------
                         required time                          5.852    
                         arrival time                          -5.113    
  -------------------------------------------------------------------
                         slack                                  0.739    





Min Delay Paths
--------------------------------------------------------------------------------------
Slack (MET) :             0.032ns  (arrival time - required time)
  Source:                 coeff_data_reg_reg[27]/C
                            (rising edge-triggered cell FDRE clocked by sys_clk  {rise@0.000ns fall@2.000ns period=4.000ns})
  Destination:            s1_b_Q_reg[11]/D
                            (rising edge-triggered cell FDRE clocked by sys_clk  {rise@0.000ns fall@2.000ns period=4.000ns})
  Path Group:             sys_clk
  Path Type:              Hold (Min at Fast Process Corner)
  Requirement:            0.000ns  (sys_clk rise@0.000ns - sys_clk rise@0.000ns)
  Data Path Delay:        0.101ns  (logic 0.037ns (36.634%)  route 0.064ns (63.366%))
  Logic Levels:           0  
  Clock Path Skew:        0.022ns (DCD - SCD - CPR)
    Destination Clock Delay (DCD):    1.200ns
    Source Clock Delay      (SCD):    0.886ns
    Clock Pessimism Removal (CPR):    0.292ns
  Clock Net Delay (Source):      0.587ns (routing 0.096ns, distribution 0.491ns)
  Clock Net Delay (Destination): 0.677ns (routing 0.108ns, distribution 0.569ns)

    Location             Delay type                Incr(ns)  Path(ns)    Netlist Resource(s)
  -------------------------------------------------------------------    -------------------
                         (clock sys_clk rise edge)    0.000     0.000 r  
    AL16                                              0.000     0.000 r  clk (IN)
                         net (fo=0)                   0.000     0.000    clk_IBUF_inst/I
    AL16                 INBUF (Prop_INBUF_HPIOB_M_PAD_O)
                                                      0.138     0.138 r  clk_IBUF_inst/INBUF_INST/O
                         net (fo=1, routed)           0.000     0.138    clk_IBUF_inst/OUT
    AL16                 IBUFCTRL (Prop_IBUFCTRL_HPIOB_M_I_O)
                                                      0.000     0.138 r  clk_IBUF_inst/IBUFCTRL_INST/O
                         net (fo=1, routed)           0.144     0.282    clk_IBUF
    BUFGCE_X0Y15         BUFGCE (Prop_BUFCE_BUFGCE_I_O)
                                                      0.017     0.299 r  clk_IBUF_BUFG_inst/O
    X4Y0 (CLOCK_ROOT)    net (fo=498, routed)         0.587     0.886    clk_IBUF_BUFG
    SLICE_X83Y51         FDRE                                         r  coeff_data_reg_reg[27]/C
  -------------------------------------------------------------------    -------------------
    SLICE_X83Y51         FDRE (Prop_FFF_SLICEM_C_Q)
                                                      0.037     0.923 r  coeff_data_reg_reg[27]/Q
                         net (fo=1, routed)           0.064     0.987    p_0_in[11]
    SLICE_X83Y50         FDRE                                         r  s1_b_Q_reg[11]/D
  -------------------------------------------------------------------    -------------------

                         (clock sys_clk rise edge)    0.000     0.000 r  
    AL16                                              0.000     0.000 r  clk (IN)
                         net (fo=0)                   0.000     0.000    clk_IBUF_inst/I
    AL16                 INBUF (Prop_INBUF_HPIOB_M_PAD_O)
                                                      0.323     0.323 r  clk_IBUF_inst/INBUF_INST/O
                         net (fo=1, routed)           0.000     0.323    clk_IBUF_inst/OUT
    AL16                 IBUFCTRL (Prop_IBUFCTRL_HPIOB_M_I_O)
                                                      0.000     0.323 r  clk_IBUF_inst/IBUFCTRL_INST/O
                         net (fo=1, routed)           0.181     0.504    clk_IBUF
    BUFGCE_X0Y15         BUFGCE (Prop_BUFCE_BUFGCE_I_O)
                                                      0.019     0.523 r  clk_IBUF_BUFG_inst/O
    X4Y0 (CLOCK_ROOT)    net (fo=498, routed)         0.677     1.200    clk_IBUF_BUFG
    SLICE_X83Y50         FDRE                                         r  s1_b_Q_reg[11]/C
                         clock pessimism             -0.292     0.908    
    SLICE_X83Y50         FDRE (Hold_EFF2_SLICEM_C_D)
                                                      0.047     0.955    s1_b_Q_reg[11]
  -------------------------------------------------------------------
                         required time                         -0.955    
                         arrival time                           0.987    
  -------------------------------------------------------------------
                         slack                                  0.032    





Pulse Width Checks
--------------------------------------------------------------------------------------
Clock Name:         sys_clk
Waveform(ns):       { 0.000 2.000 }
Period(ns):         4.000
Sources:            { clk }

Check Type        Corner  Lib Pin     Reference Pin  Required(ns)  Actual(ns)  Slack(ns)  Location      Pin
Min Period        n/a     BUFGCE/I    n/a            1.290         4.000       2.710      BUFGCE_X0Y15  clk_IBUF_BUFG_inst/I
Low Pulse Width   Slow    SRL16E/CLK  n/a            0.532         2.000       1.468      SLICE_X83Y60  s1_a_I_reg[0]_srl2___s1_gate_reg_r/CLK
High Pulse Width  Slow    SRL16E/CLK  n/a            0.532         2.000       1.468      SLICE_X83Y60  s1_a_I_reg[0]_srl2___s1_gate_reg_r/CLK



